

  ________                                 __
 /        |                               /  |
 ########/ ______    ______    __     __  ##/    _______
    ## |  /      \  /      \  /  \   /  | /  |  /       |
    ## | /######  | ######  | ##  \ /##/  ## | /#######/
    ## | ## |  ##/  /    ## |  ##  /##/   ## | ##      \
    ## | ## |      /####### |   ## ##/    ## |  ######  |
    ## | ## |      ##    ## |    ###/     ## | /     ##/
    ##/  ##/        #######/      #/      ##/  #######/

    TRajectory Analyzer and VISualizer  -  Open-source free software under GNU GPL v3

    Copyright (c) Martin Brehm      (2009-2024), University of Paderborn
                  Barbara Kirchner  (2009-2024), University of Bonn
                  Martin Thomas     (2012-2017)
                  Sascha Gehrke     (2016-2020)

    http://www.travis-analyzer.de

    Please cite: J. Chem. Phys. 2020, 152 (16), 164105.         (DOI 10.1063/5.0005078 )
                 J. Chem. Inf. Model. 2011, 51 (8), 2007-2023.  (DOI 10.1021/ci200217w )

    There is absolutely no warranty on any results obtained from TRAVIS.

    This is the BETA MODE of TRAVIS. You need to read and acknowledge the following facts:

    (1) The features in beta mode are not well tested or documented
        (this is why they are in beta mode). Expect bugs or wrong results.

    (2) TRAVIS versions with beta mode enabled may only be used by members
        of the Kirchner/Sebastiani group and associated/cooperating persons. Please
        do not distribute or share this group-internal build of TRAVIS.

    (3) The analyses in beta mode mostly have not been published yet by the authors.
        Please do not use results from such analyses in your publications, unless you
        have the explicit permission to do so from the TRAVIS developer team.

    I have read and acknowledged these facts and will obey them (y/n). [no] y

    Analyzing LAMMPS trajectory column definition:
      - Field  1: element 
      - Field  2: xu      
      - Field  3: yu      
      - Field  4: zu      
      - Field  5: vx      
      - Field  6: vy      
      - Field  7: vz      
    Found 7 columns in total.

    CTimeStep::ReadLAMMPS(): Warning: The "id" field is not present in the trajectory.

    This is fine as long as you use "dump_modify sort id" to write your trajectory.
    Otherwise, the atom ordering will be random, and TRAVIS has no chance to detect it,
    which will lead to *wrong* analysis results!

    If in doubt, you should use a LAMMPS dump style similar to the following:
      "dump custom id element xu yu zu"

    I have acknowledged this note (y/n). [no] y

    Found atomic velocities in LAMMPS trajectory.

    Trajectory contains approximately 99980 frames (just a *guess* from the file size of 185.37 GiB).

    32700 atoms in the system: 5400x C, 9600x D, 300x F, 13500x H, 150x Li, 150x N, 3300x O, 300x S

    System extent:  X = { -51541 .. +65406 pm }, dX = 116947 pm
      (in step 1)   Y = { -51861 .. +57819 pm }, dY = 109680 pm
                    Z = { -47916 .. +60567 pm }, dZ = 108484 pm

    The "advanced mode" offers seldomly required features, including support for non-orthorhombic
    simulation cells, NPT ensemble, non-periodic systems, user-definded virtual atoms, pseudomolecules, ...

    Use the advanced mode until the analysis selection menu (y/n)? [no] <RETURN>

    Found cell geometry data in trajectory file:

      X = 6340.26 pm,   Y = 6340.26 pm,   Z = 6340.26 pm

    The overall box density is 1.101489 g/cm^3.

    Assuming a 3D-periodic cell.

    Use these values (y) or enter different values (n)? [yes] <RETURN>
    Update cell geometry in every time step (i.e., NPT ensemble) (y) or use fixed cell (n)? [yes] <RETURN>

    Using the following element data:

      Element | Ord. Number |  Mass / u | Cov. Radius / pm | VdW Radius / pm | Color
    ----------|-------------|-----------|------------------|-----------------|----------
      H       |           1 |   1.00798 |            37.00 |          109.00 | #FFFFFF
      D       |           1 |   2.01410 |            37.00 |          109.00 | #FFFFFF
      Li      |           3 |   6.96750 |           134.00 |          182.00 | #00FFFF
      C       |           6 |  12.01060 |            82.00 |          170.00 | #808080
      N       |           7 |  14.00690 |            77.00 |          155.00 | #0000FF
      O       |           8 |  15.99940 |            75.00 |          152.00 | #FF0000
      F       |           9 |  18.99840 |            73.00 |          147.00 | #00FF00
      S       |          16 |  32.06750 |           106.00 |          180.00 | #FFFF00


    The trajectory contains some metal atoms.
    In many cases, these are ions, and should not form any covalent bonds.

      Exclude Li atoms from bond recognition (y/n)? [yes] <RETURN>

    NPT: Using a cell vector of ( 6340.26 pm | 6340.26 pm | 6340.26 pm ) for molecule recognition.


    Initialized spatial domain engine with 26 x 26 x 26 cells, min. diameter = 244 pm.

    Molecule recognition [
### The atoms F(151) and D(23251) are VERY close to each other. (Distance=1.5245 pm)
### The atoms S(152) and D(23252) are VERY close to each other. (Distance=3.1602 pm)
### Atom S(152) has more than 8 bonds. Ignoring further bonds (defined via MAX_BONDS in config.h).
### The atoms O(154) and D(23254) are VERY close to each other. (Distance=1.5728 pm)
### The atoms O(155) and D(23255) are VERY close to each other. (Distance=2.3240 pm)
### The atoms N(153) and D(23253) are VERY close to each other. (Distance=2.6837 pm)
### The atoms S(156) and D(23256) are VERY close to each other. (Distance=4.2959 pm)
### The atoms F(159) and D(23259) are VERY close to each other. (Distance=2.0624 pm)
### The atoms O(158) and D(23258) are VERY close to each other. (Distance=3.6220 pm)
### The atoms O(157) and D(23257) are VERY close to each other. (Distance=0.9472 pm)
### The atoms F(160) and D(23260) are VERY close to each other. (Distance=1.1500 pm)
### The atoms S(161) and D(23261) are VERY close to each other. (Distance=3.4103 pm)
### Atom S(161) has more than 8 bonds. Ignoring further bonds (defined via MAX_BONDS in config.h).
### The atoms O(164) and D(23264) are VERY close to each other. (Distance=3.1765 pm)
### The atoms N(162) and D(23262) are VERY close to each other. (Distance=2.2257 pm)
### The atoms S(165) and D(23265) are VERY close to each other. (Distance=3.7615 pm)
### Atom S(165) has more than 8 bonds. Ignoring further bonds (defined via MAX_BONDS in config.h).
### The atoms O(166) and D(23266) are VERY close to each other. (Distance=2.6040 pm)
### The atoms O(167) and D(23267) are VERY close to each other. (Distance=1.7696 pm)
### The atoms F(168) and D(23268) are VERY close to each other. (Distance=2.2427 pm)
### The atoms O(163) and D(23263) are VERY close to each other. (Distance=1.8083 pm)
### The atoms F(169) and D(23269) are VERY close to each other. (Distance=0.9576 pm)
### The atoms S(170) and D(23270) are VERY close to each other. (Distance=3.9796 pm)
### Atom S(170) has more than 8 bonds. Ignoring further bonds (defined via MAX_BONDS in config.h).
### The atoms O(173) and D(23273) are VERY close to each other. (Distance=2.1510 pm)
### The atoms N(171) and D(23271) are VERY close to each other. (Distance=2.7006 pm)
### The atoms S(174) and D(23274) are VERY close to each other. (Distance=2.2650 pm)
### Atom S(174) has more than 8 bonds. Ignoring further bonds (defined via MAX_BONDS in config.h).
### The atoms O(176) and D(23276) are VERY close to each other. (Distance=1.2355 pm)
### The atoms O(175) and D(23275) are VERY close to each other. (Distance=1.3297 pm)
### Suppressing further "atoms close to each other" warnings.
### Atom S(179) has more than 8 bonds. Ignoring further bonds (defined via MAX_BONDS in config.h).
### Atom S(183) has more than 8 bonds. Ignoring further bonds (defined via MAX_BONDS in config.h).
### Atom S(188) has more than 8 bonds. Ignoring further bonds (defined via MAX_BONDS in config.h).
### Atom S(192) has more than 8 bonds. Ignoring further bonds (defined via MAX_BONDS in config.h).
### Atom S(197) has more than 8 bonds. Ignoring further bonds (defined via MAX_BONDS in config.h).
### Atom S(201) has more than 8 bonds. Ignoring further bonds (defined via MAX_BONDS in config.h).
### Atom S(215) has more than 8 bonds. Ignoring further bonds (defined via MAX_BONDS in config.h).
### Atom S(224) has more than 8 bonds. Ignoring further bonds (defined via MAX_BONDS in config.h).
### Atom S(233) has more than 8 bonds. Ignoring further bonds (defined via MAX_BONDS in config.h).
### Atom S(237) has more than 8 bonds. Ignoring further bonds (defined via MAX_BONDS in config.h).
### Atom S(242) has more than 8 bonds. Ignoring further bonds (defined via MAX_BONDS in config.h).
### Atom S(251) has more than 8 bonds. Ignoring further bonds (defined via MAX_BONDS in config.h).
### Atom S(255) has more than 8 bonds. Ignoring further bonds (defined via MAX_BONDS in config.h).
### Atom S(260) has more than 8 bonds. Ignoring further bonds (defined via MAX_BONDS in config.h).
### Atom S(296) has more than 8 bonds. Ignoring further bonds (defined via MAX_BONDS in config.h).
### Atom S(300) has more than 8 bonds. Ignoring further bonds (defined via MAX_BONDS in config.h).
### Atom S(305) has more than 8 bonds. Ignoring further bonds (defined via MAX_BONDS in config.h).
### Atom S(309) has more than 8 bonds. Ignoring further bonds (defined via MAX_BONDS in config.h).
### Atom S(318) has more than 8 bonds. Ignoring further bonds (defined via MAX_BONDS in config.h).
### Atom S(327) has more than 8 bonds. Ignoring further bonds (defined via MAX_BONDS in config.h).
### Atom S(332) has more than 8 bonds. Ignoring further bonds (defined via MAX_BONDS in config.h).
### Atom S(336) has more than 8 bonds. Ignoring further bonds (defined via MAX_BONDS in config.h).
### Atom S(341) has more than 8 bonds. Ignoring further bonds (defined via MAX_BONDS in config.h).
### Atom S(345) has more than 8 bonds. Ignoring further bonds (defined via MAX_BONDS in config.h).#
### Atom S(350) has more than 8 bonds. Ignoring further bonds (defined via MAX_BONDS in config.h).
### Atom S(354) has more than 8 bonds. Ignoring further bonds (defined via MAX_BONDS in config.h).
### Atom S(363) has more than 8 bonds. Ignoring further bonds (defined via MAX_BONDS in config.h).
### Atom S(395) has more than 8 bonds. Ignoring further bonds (defined via MAX_BONDS in config.h).
### Atom S(399) has more than 8 bonds. Ignoring further bonds (defined via MAX_BONDS in config.h).
### Atom S(413) has more than 8 bonds. Ignoring further bonds (defined via MAX_BONDS in config.h).
### Atom S(417) has more than 8 bonds. Ignoring further bonds (defined via MAX_BONDS in config.h).
### Atom S(431) has more than 8 bonds. Ignoring further bonds (defined via MAX_BONDS in config.h).
### Atom S(440) has more than 8 bonds. Ignoring further bonds (defined via MAX_BONDS in config.h).
### Atom S(444) has more than 8 bonds. Ignoring further bonds (defined via MAX_BONDS in config.h).
### Atom S(449) has more than 8 bonds. Ignoring further bonds (defined via MAX_BONDS in config.h).
### Atom S(453) has more than 8 bonds. Ignoring further bonds (defined via MAX_BONDS in config.h).
### Atom S(458) has more than 8 bonds. Ignoring further bonds (defined via MAX_BONDS in config.h).
### Atom S(462) has more than 8 bonds. Ignoring further bonds (defined via MAX_BONDS in config.h).
### Atom S(480) has more than 8 bonds. Ignoring further bonds (defined via MAX_BONDS in config.h).
### Atom S(485) has more than 8 bonds. Ignoring further bonds (defined via MAX_BONDS in config.h).
### Atom S(489) has more than 8 bonds. Ignoring further bonds (defined via MAX_BONDS in config.h).
### Atom S(498) has more than 8 bonds. Ignoring further bonds (defined via MAX_BONDS in config.h).
### Atom S(507) has more than 8 bonds. Ignoring further bonds (defined via MAX_BONDS in config.h).
### Atom S(512) has more than 8 bonds. Ignoring further bonds (defined via MAX_BONDS in config.h).
### Atom S(521) has more than 8 bonds. Ignoring further bonds (defined via MAX_BONDS in config.h).
### Atom S(525) has more than 8 bonds. Ignoring further bonds (defined via MAX_BONDS in config.h).
### Atom S(530) has more than 8 bonds. Ignoring further bonds (defined via MAX_BONDS in config.h).
### Atom S(534) has more than 8 bonds. Ignoring further bonds (defined via MAX_BONDS in config.h).
### Atom S(543) has more than 8 bonds. Ignoring further bonds (defined via MAX_BONDS in config.h).
### Atom S(552) has more than 8 bonds. Ignoring further bonds (defined via MAX_BONDS in config.h).
### Atom S(561) has more than 8 bonds. Ignoring further bonds (defined via MAX_BONDS in config.h).
### Atom S(566) has more than 8 bonds. Ignoring further bonds (defined via MAX_BONDS in config.h).
### Atom S(575) has more than 8 bonds. Ignoring further bonds (defined via MAX_BONDS in config.h).
### Atom S(584) has more than 8 bonds. Ignoring further bonds (defined via MAX_BONDS in config.h).
### Atom S(588) has more than 8 bonds. Ignoring further bonds (defined via MAX_BONDS in config.h).
### Atom S(593) has more than 8 bonds. Ignoring further bonds (defined via MAX_BONDS in config.h).
### Atom S(606) has more than 8 bonds. Ignoring further bonds (defined via MAX_BONDS in config.h).
### Atom S(611) has more than 8 bonds. Ignoring further bonds (defined via MAX_BONDS in config.h).
### Atom S(615) has more than 8 bonds. Ignoring further bonds (defined via MAX_BONDS in config.h).
### Atom S(620) has more than 8 bonds. Ignoring further bonds (defined via MAX_BONDS in config.h).#
### Atom S(624) has more than 8 bonds. Ignoring further bonds (defined via MAX_BONDS in config.h).
### Atom S(629) has more than 8 bonds. Ignoring further bonds (defined via MAX_BONDS in config.h).
### Atom S(642) has more than 8 bonds. Ignoring further bonds (defined via MAX_BONDS in config.h).
### Atom S(647) has more than 8 bonds. Ignoring further bonds (defined via MAX_BONDS in config.h).
### Atom S(656) has more than 8 bonds. Ignoring further bonds (defined via MAX_BONDS in config.h).
### Atom S(660) has more than 8 bonds. Ignoring further bonds (defined via MAX_BONDS in config.h).
### Atom S(669) has more than 8 bonds. Ignoring further bonds (defined via MAX_BONDS in config.h).
### Atom S(674) has more than 8 bonds. Ignoring further bonds (defined via MAX_BONDS in config.h).
### Atom S(678) has more than 8 bonds. Ignoring further bonds (defined via MAX_BONDS in config.h).
### Atom S(687) has more than 8 bonds. Ignoring further bonds (defined via MAX_BONDS in config.h).
### Atom S(692) has more than 8 bonds. Ignoring further bonds (defined via MAX_BONDS in config.h).
### Atom S(710) has more than 8 bonds. Ignoring further bonds (defined via MAX_BONDS in config.h).
### Atom S(714) has more than 8 bonds. Ignoring further bonds (defined via MAX_BONDS in config.h).
### Atom S(723) has more than 8 bonds. Ignoring further bonds (defined via MAX_BONDS in config.h).
### Atom S(732) has more than 8 bonds. Ignoring further bonds (defined via MAX_BONDS in config.h).
### Atom S(737) has more than 8 bonds. Ignoring further bonds (defined via MAX_BONDS in config.h).
### Atom S(741) has more than 8 bonds. Ignoring further bonds (defined via MAX_BONDS in config.h).
### Atom S(759) has more than 8 bonds. Ignoring further bonds (defined via MAX_BONDS in config.h).
### Atom S(764) has more than 8 bonds. Ignoring further bonds (defined via MAX_BONDS in config.h).
### Atom S(768) has more than 8 bonds. Ignoring further bonds (defined via MAX_BONDS in config.h).
### Atom S(773) has more than 8 bonds. Ignoring further bonds (defined via MAX_BONDS in config.h).
### Atom S(777) has more than 8 bonds. Ignoring further bonds (defined via MAX_BONDS in config.h).
### Atom S(782) has more than 8 bonds. Ignoring further bonds (defined via MAX_BONDS in config.h).
### Atom S(800) has more than 8 bonds. Ignoring further bonds (defined via MAX_BONDS in config.h).
### Atom S(804) has more than 8 bonds. Ignoring further bonds (defined via MAX_BONDS in config.h).
### Atom S(809) has more than 8 bonds. Ignoring further bonds (defined via MAX_BONDS in config.h).
### Atom S(813) has more than 8 bonds. Ignoring further bonds (defined via MAX_BONDS in config.h).
### Atom S(818) has more than 8 bonds. Ignoring further bonds (defined via MAX_BONDS in config.h).
### Atom S(827) has more than 8 bonds. Ignoring further bonds (defined via MAX_BONDS in config.h).
### Atom S(831) has more than 8 bonds. Ignoring further bonds (defined via MAX_BONDS in config.h).
### Atom S(836) has more than 8 bonds. Ignoring further bonds (defined via MAX_BONDS in config.h).
### Atom S(849) has more than 8 bonds. Ignoring further bonds (defined via MAX_BONDS in config.h).
### Atom S(854) has more than 8 bonds. Ignoring further bonds (defined via MAX_BONDS in config.h).
### Atom S(858) has more than 8 bonds. Ignoring further bonds (defined via MAX_BONDS in config.h).
### Atom S(867) has more than 8 bonds. Ignoring further bonds (defined via MAX_BONDS in config.h).
### Atom S(881) has more than 8 bonds. Ignoring further bonds (defined via MAX_BONDS in config.h).
### Atom S(894) has more than 8 bonds. Ignoring further bonds (defined via MAX_BONDS in config.h).#
### Atom S(899) has more than 8 bonds. Ignoring further bonds (defined via MAX_BONDS in config.h).
### Atom S(903) has more than 8 bonds. Ignoring further bonds (defined via MAX_BONDS in config.h).
### Atom S(930) has more than 8 bonds. Ignoring further bonds (defined via MAX_BONDS in config.h).
### Atom S(935) has more than 8 bonds. Ignoring further bonds (defined via MAX_BONDS in config.h).
### Atom S(939) has more than 8 bonds. Ignoring further bonds (defined via MAX_BONDS in config.h).
### Atom S(944) has more than 8 bonds. Ignoring further bonds (defined via MAX_BONDS in config.h).
### Atom S(953) has more than 8 bonds. Ignoring further bonds (defined via MAX_BONDS in config.h).
### Atom S(957) has more than 8 bonds. Ignoring further bonds (defined via MAX_BONDS in config.h).
### Atom S(962) has more than 8 bonds. Ignoring further bonds (defined via MAX_BONDS in config.h).
### Atom S(975) has more than 8 bonds. Ignoring further bonds (defined via MAX_BONDS in config.h).
### Atom S(984) has more than 8 bonds. Ignoring further bonds (defined via MAX_BONDS in config.h).
### Atom S(1007) has more than 8 bonds. Ignoring further bonds (defined via MAX_BONDS in config.h).
### Atom S(1011) has more than 8 bonds. Ignoring further bonds (defined via MAX_BONDS in config.h).
### Atom S(1025) has more than 8 bonds. Ignoring further bonds (defined via MAX_BONDS in config.h).
### Atom S(1029) has more than 8 bonds. Ignoring further bonds (defined via MAX_BONDS in config.h).
### Atom S(1034) has more than 8 bonds. Ignoring further bonds (defined via MAX_BONDS in config.h).
### Atom S(1038) has more than 8 bonds. Ignoring further bonds (defined via MAX_BONDS in config.h).
### Atom S(1052) has more than 8 bonds. Ignoring further bonds (defined via MAX_BONDS in config.h).
### Atom S(1056) has more than 8 bonds. Ignoring further bonds (defined via MAX_BONDS in config.h).
### Atom S(1061) has more than 8 bonds. Ignoring further bonds (defined via MAX_BONDS in config.h).
### Atom S(1079) has more than 8 bonds. Ignoring further bonds (defined via MAX_BONDS in config.h).
### Atom S(1083) has more than 8 bonds. Ignoring further bonds (defined via MAX_BONDS in config.h).
### Atom S(1097) has more than 8 bonds. Ignoring further bonds (defined via MAX_BONDS in config.h).
### Atom S(1106) has more than 8 bonds. Ignoring further bonds (defined via MAX_BONDS in config.h).
### Atom S(1110) has more than 8 bonds. Ignoring further bonds (defined via MAX_BONDS in config.h).
### Atom S(1115) has more than 8 bonds. Ignoring further bonds (defined via MAX_BONDS in config.h).
### Atom S(1119) has more than 8 bonds. Ignoring further bonds (defined via MAX_BONDS in config.h).
### Atom S(1128) has more than 8 bonds. Ignoring further bonds (defined via MAX_BONDS in config.h).
### Atom S(1133) has more than 8 bonds. Ignoring further bonds (defined via MAX_BONDS in config.h).
### Atom S(1137) has more than 8 bonds. Ignoring further bonds (defined via MAX_BONDS in config.h).
### Atom S(1142) has more than 8 bonds. Ignoring further bonds (defined via MAX_BONDS in config.h).
### Atom S(1146) has more than 8 bonds. Ignoring further bonds (defined via MAX_BONDS in config.h).
### Atom S(1160) has more than 8 bonds. Ignoring further bonds (defined via MAX_BONDS in config.h).
### Atom S(1164) has more than 8 bonds. Ignoring further bonds (defined via MAX_BONDS in config.h).#
### Atom S(1169) has more than 8 bonds. Ignoring further bonds (defined via MAX_BONDS in config.h).
### Atom S(1173) has more than 8 bonds. Ignoring further bonds (defined via MAX_BONDS in config.h).
### Atom S(1178) has more than 8 bonds. Ignoring further bonds (defined via MAX_BONDS in config.h).
### Atom S(1182) has more than 8 bonds. Ignoring further bonds (defined via MAX_BONDS in config.h).
### Atom S(1200) has more than 8 bonds. Ignoring further bonds (defined via MAX_BONDS in config.h).
### Atom S(1205) has more than 8 bonds. Ignoring further bonds (defined via MAX_BONDS in config.h).
### Atom S(1209) has more than 8 bonds. Ignoring further bonds (defined via MAX_BONDS in config.h).
### Atom S(1218) has more than 8 bonds. Ignoring further bonds (defined via MAX_BONDS in config.h).
### Atom S(1223) has more than 8 bonds. Ignoring further bonds (defined via MAX_BONDS in config.h).
### Atom S(1232) has more than 8 bonds. Ignoring further bonds (defined via MAX_BONDS in config.h).
### Atom S(1236) has more than 8 bonds. Ignoring further bonds (defined via MAX_BONDS in config.h).
### Atom S(1241) has more than 8 bonds. Ignoring further bonds (defined via MAX_BONDS in config.h).
### Atom S(1245) has more than 8 bonds. Ignoring further bonds (defined via MAX_BONDS in config.h).
### Atom S(1254) has more than 8 bonds. Ignoring further bonds (defined via MAX_BONDS in config.h).
### Atom S(1263) has more than 8 bonds. Ignoring further bonds (defined via MAX_BONDS in config.h).
### Atom S(1268) has more than 8 bonds. Ignoring further bonds (defined via MAX_BONDS in config.h).
### Atom S(1272) has more than 8 bonds. Ignoring further bonds (defined via MAX_BONDS in config.h).
### Atom S(1281) has more than 8 bonds. Ignoring further bonds (defined via MAX_BONDS in config.h).
### Atom S(1286) has more than 8 bonds. Ignoring further bonds (defined via MAX_BONDS in config.h).
### Atom S(1290) has more than 8 bonds. Ignoring further bonds (defined via MAX_BONDS in config.h).
### Atom S(1299) has more than 8 bonds. Ignoring further bonds (defined via MAX_BONDS in config.h).
### Atom S(1313) has more than 8 bonds. Ignoring further bonds (defined via MAX_BONDS in config.h).
### Atom S(1317) has more than 8 bonds. Ignoring further bonds (defined via MAX_BONDS in config.h).
### Atom S(1322) has more than 8 bonds. Ignoring further bonds (defined via MAX_BONDS in config.h).
### Atom S(1326) has more than 8 bonds. Ignoring further bonds (defined via MAX_BONDS in config.h).
### Atom S(1331) has more than 8 bonds. Ignoring further bonds (defined via MAX_BONDS in config.h).
### Atom S(1335) has more than 8 bonds. Ignoring further bonds (defined via MAX_BONDS in config.h).
### Atom S(1340) has more than 8 bonds. Ignoring further bonds (defined via MAX_BONDS in config.h).
### Atom S(1344) has more than 8 bonds. Ignoring further bonds (defined via MAX_BONDS in config.h).
### Atom S(1353) has more than 8 bonds. Ignoring further bonds (defined via MAX_BONDS in config.h).
### Atom S(1376) has more than 8 bonds. Ignoring further bonds (defined via MAX_BONDS in config.h).
### Atom S(1380) has more than 8 bonds. Ignoring further bonds (defined via MAX_BONDS in config.h).
### Atom S(1385) has more than 8 bonds. Ignoring further bonds (defined via MAX_BONDS in config.h).
### Atom S(1389) has more than 8 bonds. Ignoring further bonds (defined via MAX_BONDS in config.h).
### Atom S(1421) has more than 8 bonds. Ignoring further bonds (defined via MAX_BONDS in config.h).
### Atom S(1425) has more than 8 bonds. Ignoring further bonds (defined via MAX_BONDS in config.h).
### Atom S(1434) has more than 8 bonds. Ignoring further bonds (defined via MAX_BONDS in config.h).
### Atom S(1439) has more than 8 bonds. Ignoring further bonds (defined via MAX_BONDS in config.h).
### Atom S(1443) has more than 8 bonds. Ignoring further bonds (defined via MAX_BONDS in config.h).#
### Atom S(1457) has more than 8 bonds. Ignoring further bonds (defined via MAX_BONDS in config.h).
### Atom S(1470) has more than 8 bonds. Ignoring further bonds (defined via MAX_BONDS in config.h).
### Atom S(1475) has more than 8 bonds. Ignoring further bonds (defined via MAX_BONDS in config.h).
### Atom S(1484) has more than 8 bonds. Ignoring further bonds (defined via MAX_BONDS in config.h).
### Atom S(1488) has more than 8 bonds. Ignoring further bonds (defined via MAX_BONDS in config.h).
### Atom S(1493) has more than 8 bonds. Ignoring further bonds (defined via MAX_BONDS in config.h).######################################################]

    1800 molecules found.

    Molecule recognition took 0.0067 seconds.


*** Warning: Some of the atoms were found to be very close to each other (distance < 50 pm).
             This usually indicates a problem, e.g. an incorrect cell vector.

    Continue with molecule recognition anyways (y/n)? [yes] <RETURN>

    Sorting atom types...
    Setting up bond lists...
    Building atom codes...
    Creating refined topological atom order...
      [############################################################] Done.
    Creating bond list...
    Creating angle list...
    Grouping together equivalent molecules...
    Found 18 unique molecule types.
    Sorting molecule types by molecular mass...
    Found 44 rings.
    Refining ring systems...
    Assigning ring systems to molecule types...
    Sorting rings by size...
    Molecule recognition finished.

Output of bond matrices:

*** Molecule 1: D9F2NO4S2; Representant 1; Distances in pm ***
    (ring bonds are shown in green)

    D1  D2  D3  D4  D5  D6  D7  D8  D9  F1  F2  N1  O1  O2  O3  O4  S1  S2 
D1  ***  -   -   -   -   -   -   -   -   -   -    3  -   -   -   -  154 155 
D2   -  ***  -   -   -   -   -   -   -    2  -   -   -   -   -   -  154  -  
D3   -   -  ***  -   -   -   -   -   -   -    2  -   -   -   -   -   -  150 
D4   -   -   -  ***  -   -   -   -   -   -   -   -    2  -   -   -  150  -  
D5   -   -   -   -  ***  -   -   -   -   -   -   -   -    2  -   -  145  -  
D6   -   -   -   -   -  ***  -   -   -   -   -   -   -   -    4  -   -  149 
D7   -   -   -   -   -   -  ***  -   -   -   -   -   -   -   -    1  -  144 
D8   -   -   -   -   -   -   -  ***  -   -   -   -   -   -   -   -    3  -  
D9   -   -   -   -   -   -   -   -  ***  -   -   -   -   -   -   -   -    4 
F1   -    2  -   -   -   -   -   -   -  ***  -   -   -   -   -   -  155  -  
F2   -   -    2  -   -   -   -   -   -   -  ***  -   -   -   -   -   -  152 
N1    3  -   -   -   -   -   -   -   -   -   -  ***  -   -   -   -  155 157 
O1   -   -   -    2  -   -   -   -   -   -   -   -  ***  -   -   -  149  -  
O2   -   -   -   -    2  -   -   -   -   -   -   -   -  ***  -   -  143  -  
O3   -   -   -   -   -    4  -   -   -   -   -   -   -   -  ***  -   -  145 
O4   -   -   -   -   -   -    1  -   -   -   -   -   -   -   -  ***  -  144 
S1  154 154  -  150 145  -   -    3  -  155  -  155 149 143  -   -  ***  -  
S2  155  -  150  -   -  149 144  -    4  -  152 157  -   -  145 144  -  *** 

    3-ring: D4 - O1 - S1
    3-ring: D5 - O2 - S1
    3-ring: D1 - N1 - S1
    3-ring: S2 - D1 - N1
    3-ring: D3 - F2 - S2
    3-ring: D6 - O3 - S2
    3-ring: D7 - O4 - S2
    3-ring: D2 - S1 - F1

    Atoms D2, D3 are equivalent.
    Atoms D4, D5, D6, D7 are equivalent.
    Atoms D8, D9 are equivalent.
    Atoms F1, F2 are equivalent.
    Atoms O1, O2, O3, O4 are equivalent.
    Atoms S1, S2 are equivalent.

*** Molecule 2: D9F2NO4S2; Representant 1; Distances in pm ***
    (ring bonds are shown in green)

    D1  D2  D3  D4  D5  D6  D7  D8  D9  F1  F2  N1  O1  O2  O3  O4  S1  S2 
D1  ***  -   -   -   -   -   -   -   -   -   -    3  -   -   -   -  152  -  
D2   -  ***  -   -   -   -   -   -   -    2  -   -   -   -   -   -  158  -  
D3   -   -  ***  -   -   -   -   -   -   -    1  -   -   -   -   -   -  154 
D4   -   -   -  ***  -   -   -   -   -   -   -   -    3  -   -   -  139  -  
D5   -   -   -   -  ***  -   -   -   -   -   -   -   -    5  -   -  146  -  
D6   -   -   -   -   -  ***  -   -   -   -   -   -   -   -    3  -   -  147 
D7   -   -   -   -   -   -  ***  -   -   -   -   -   -   -   -    2  -  137 
D8   -   -   -   -   -   -   -  ***  -   -   -   -   -   -   -   -    8  -  
D9   -   -   -   -   -   -   -   -  ***  -   -   -   -   -   -   -   -    3 
F1   -    2  -   -   -   -   -   -   -  ***  -   -   -   -   -   -  159  -  
F2   -   -    1  -   -   -   -   -   -   -  ***  -   -   -   -   -   -  154 
N1    3  -   -   -   -   -   -   -   -   -   -  ***  -   -   -   -  155 165 
O1   -   -   -    3  -   -   -   -   -   -   -   -  ***  -   -   -  141  -  
O2   -   -   -   -    5  -   -   -   -   -   -   -   -  ***  -   -  141  -  
O3   -   -   -   -   -    3  -   -   -   -   -   -   -   -  ***  -   -  144 
O4   -   -   -   -   -   -    2  -   -   -   -   -   -   -   -  ***  -  138 
S1  152 158  -  139 146  -   -    8  -  159  -  155 141 141  -   -  ***  -  
S2   -   -  154  -   -  147 137  -    3  -  154 165  -   -  144 138  -  *** 

    3-ring: D4 - O1 - S1
    3-ring: D1 - N1 - S1
    3-ring: D3 - F2 - S2
    3-ring: D6 - O3 - S2
    3-ring: D7 - O4 - S2
    3-ring: D5 - O2 - S1
    3-ring: D2 - S1 - F1

    Atoms D4, D5 are equivalent.
    Atoms D6, D7 are equivalent.
    Atoms O1, O2 are equivalent.
    Atoms O3, O4 are equivalent.

*** Molecule 3: D9F2NO4S2; Representant 1; Distances in pm ***
    (ring bonds are shown in green)

    D1  D2  D3  D4  D5  D6  D7  D8  D9  F1  F2  N1  O1  O2  O3  O4  S1  S2 
D1  ***  -   -   -   -   -   -   -   -   -   -    2  -   -   -   -  157 155 
D2   -  ***  -   -   -   -   -   -   -    1  -   -   -   -   -   -  154  -  
D3   -   -  ***  -   -   -   -   -   -   -   -   -    1  -   -   -  144  -  
D4   -   -   -  ***  -   -   -   -   -   -   -   -   -    1  -   -  143  -  
D5   -   -   -   -  ***  -   -   -   -   -   -   -   -   -    1  -   -  145 
D6   -   -   -   -   -  ***  -   -   -   -   -   -   -   -   -    2  -  145 
D7   -   -   -   -   -   -  ***  -   -   -   -   -   -   -   -   -    3  -  
D8   -   -   -   -   -   -   -  ***  -   -   -   -   -   -   -   -   -    3 
D9   -   -   -   -   -   -   -   -  ***  -    0  -   -   -   -   -   -   -  
F1   -    1  -   -   -   -   -   -   -  ***  -   -   -   -   -   -  155  -  
F2   -   -   -   -   -   -   -   -    0  -  ***  -   -   -   -   -   -  165 
N1    2  -   -   -   -   -   -   -   -   -   -  ***  -   -   -   -  157 157 
O1   -   -    1  -   -   -   -   -   -   -   -   -  ***  -   -   -  145  -  
O2   -   -   -    1  -   -   -   -   -   -   -   -   -  ***  -   -  141  -  
O3   -   -   -   -    1  -   -   -   -   -   -   -   -   -  ***  -   -  145 
O4   -   -   -   -   -    2  -   -   -   -   -   -   -   -   -  ***  -  143 
S1  157 154 144 143  -   -    3  -   -  155  -  157 145 141  -   -  ***  -  
S2  155  -   -   -  145 145  -    3  -   -  165 157  -   -  145 143  -  *** 

    3-ring: S1 - D2 - F1
    3-ring: D3 - O1 - S1
    3-ring: D5 - O3 - S2
    3-ring: D1 - N1 - S1
    3-ring: D1 - S2 - N1
    3-ring: D6 - O4 - S2
    3-ring: D4 - O2 - S1

    Atoms D3, D4 are equivalent.
    Atoms D5, D6 are equivalent.
    Atoms O1, O2 are equivalent.
    Atoms O3, O4 are equivalent.

*** Molecule 4: C4D6H10O2; Representant 1; Distances in pm ***

    C1  C2  C3  C4  D1  D2  D3  D4  D5  D6  H1  H2  H3  H4  H5  H6  H7  H8  H9  H10 O1  O2 
C1  *** 153  -   -   -   -    3  -   -   -  109 109  -   -   -   -   -   -   -   -  144  -  
C2  153 ***  -   -   -   -   -    3  -   -   -   -  109 109  -   -   -   -   -   -   -  144 
C3   -   -  ***  -   -   -   -   -    1  -   -   -   -   -  109 109 109  -   -   -  144  -  
C4   -   -   -  ***  -   -   -   -   -    1  -   -   -   -   -   -   -  109 109 109  -  143 
D1   -   -   -   -  ***  -   -   -   -   -   -   -   -   -   -   -   -   -   -   -    3  -  
D2   -   -   -   -   -  ***  -   -   -   -   -   -   -   -   -   -   -   -   -   -   -    3 
D3    3  -   -   -   -   -  ***  -   -   -   -   -   -   -   -   -   -   -   -   -   -   -  
D4   -    3  -   -   -   -   -  ***  -   -   -   -   -   -   -   -   -   -   -   -   -   -  
D5   -   -    1  -   -   -   -   -  ***  -   -   -   -   -   -   -   -   -   -   -   -   -  
D6   -   -   -    1  -   -   -   -   -  ***  -   -   -   -   -   -   -   -   -   -   -   -  
H1  109  -   -   -   -   -   -   -   -   -  ***  -   -   -   -   -   -   -   -   -   -   -  
H2  109  -   -   -   -   -   -   -   -   -   -  ***  -   -   -   -   -   -   -   -   -   -  
H3   -  109  -   -   -   -   -   -   -   -   -   -  ***  -   -   -   -   -   -   -   -   -  
H4   -  109  -   -   -   -   -   -   -   -   -   -   -  ***  -   -   -   -   -   -   -   -  
H5   -   -  109  -   -   -   -   -   -   -   -   -   -   -  ***  -   -   -   -   -   -   -  
H6   -   -  109  -   -   -   -   -   -   -   -   -   -   -   -  ***  -   -   -   -   -   -  
H7   -   -  109  -   -   -   -   -   -   -   -   -   -   -   -   -  ***  -   -   -   -   -  
H8   -   -   -  109  -   -   -   -   -   -   -   -   -   -   -   -   -  ***  -   -   -   -  
H9   -   -   -  109  -   -   -   -   -   -   -   -   -   -   -   -   -   -  ***  -   -   -  
H10  -   -   -  109  -   -   -   -   -   -   -   -   -   -   -   -   -   -   -  ***  -   -  
O1  144  -  144  -    3  -   -   -   -   -   -   -   -   -   -   -   -   -   -   -  ***  -  
O2   -  144  -  143  -    3  -   -   -   -   -   -   -   -   -   -   -   -   -   -   -  *** 

    Atoms C1, C2 are equivalent.
    Atoms C3, C4 are equivalent.
    Atoms D1, D2 are equivalent.
    Atoms D3, D4 are equivalent.
    Atoms D5, D6 are equivalent.
    Atoms H1, H2, H3, H4 are equivalent.
    Atoms H5, H6, H7, H8, H9, H10 are equivalent.
    Atoms O1, O2 are equivalent.

*** Molecule 5: C4D6H10O2; Representant 1; Distances in pm ***
    (ring bonds are shown in green)

    C1  C2  C3  C4  D1  D2  D3  D4  D5  D6  H1  H2  H3  H4  H5  H6  H7  H8  H9  H10 O1  O2 
C1  *** 151  -   -   -   -    3  -   -   -  109 109  -   -   -   -   -   -   -   -  142  -  
C2  151 ***  -   -   -   -   -    2  -   -   -   -  109 109  -   -   -   -   -   -   -  142 
C3   -   -  ***  -  135  -   -   -    2  -   -   -   -   -  109 109 109  -   -   -  138  -  
C4   -   -   -  ***  -   -   -   -   -    4  -   -   -   -   -   -   -  109 109 109  -  141 
D1   -   -  135  -  ***  -   -   -   -   -   -   -   -   -   -   -   -   -   -   -    3  -  
D2   -   -   -   -   -  ***  -   -   -   -   -   -   -   -   -   -   -   -   -   -   -    2 
D3    3  -   -   -   -   -  ***  -   -   -   -   -   -   -   -   -   -   -   -   -   -   -  
D4   -    2  -   -   -   -   -  ***  -   -   -   -   -   -   -   -   -   -   -   -   -   -  
D5   -   -    2  -   -   -   -   -  ***  -   -   -   -   -   -   -   -   -   -   -   -   -  
D6   -   -   -    4  -   -   -   -   -  ***  -   -   -   -   -   -   -   -   -   -   -   -  
H1  109  -   -   -   -   -   -   -   -   -  ***  -   -   -   -   -   -   -   -   -   -   -  
H2  109  -   -   -   -   -   -   -   -   -   -  ***  -   -   -   -   -   -   -   -   -   -  
H3   -  109  -   -   -   -   -   -   -   -   -   -  ***  -   -   -   -   -   -   -   -   -  
H4   -  109  -   -   -   -   -   -   -   -   -   -   -  ***  -   -   -   -   -   -   -   -  
H5   -   -  109  -   -   -   -   -   -   -   -   -   -   -  ***  -   -   -   -   -   -   -  
H6   -   -  109  -   -   -   -   -   -   -   -   -   -   -   -  ***  -   -   -   -   -   -  
H7   -   -  109  -   -   -   -   -   -   -   -   -   -   -   -   -  ***  -   -   -   -   -  
H8   -   -   -  109  -   -   -   -   -   -   -   -   -   -   -   -   -  ***  -   -   -   -  
H9   -   -   -  109  -   -   -   -   -   -   -   -   -   -   -   -   -   -  ***  -   -   -  
H10  -   -   -  109  -   -   -   -   -   -   -   -   -   -   -   -   -   -   -  ***  -   -  
O1  142  -  138  -    3  -   -   -   -   -   -   -   -   -   -   -   -   -   -   -  ***  -  
O2   -  142  -  141  -    2  -   -   -   -   -   -   -   -   -   -   -   -   -   -   -  *** 

    3-ring: D1 - C3 - O1

    Atoms H1, H2 are equivalent.
    Atoms H3, H4 are equivalent.
    Atoms H5, H6, H7 are equivalent.
    Atoms H8, H9, H10 are equivalent.

*** Molecule 6: C4D6H10O2; Representant 1; Distances in pm ***
    (ring bonds are shown in green)

    C1  C2  C3  C4  D1  D2  D3  D4  D5  D6  H1  H2  H3  H4  H5  H6  H7  H8  H9  H10 O1  O2 
C1  *** 154  -   -   10  -   -   -   -   -  109 109  -   -   -   -   -   -   -   -  136  -  
C2  154 ***  -   -   -   -   -    8  -   -   -   -  109 109  -   -   -   -   -   -   -  139 
C3   -   -  ***  -   -   -   -   -    2  -   -   -   -   -  109 109 109  -   -   -  144  -  
C4   -   -   -  ***  -   -   -   -   -    5  -   -   -   -   -   -   -  109 109 109  -  143 
D1   10  -   -   -  ***  -   -   -   -   -   -   -   -   -   -   -   -   -   -   -  127  -  
D2   -   -   -   -   -  ***  -   -   -   -   -   -   -   -   -   -   -   -   -   -    7  -  
D3   -   -   -   -   -   -  ***  -   -   -   -   -   -   -   -   -   -   -   -   -   -    2 
D4   -    8  -   -   -   -   -  ***  -   -   -   -   -   -   -   -   -   -   -   -   -   -  
D5   -   -    2  -   -   -   -   -  ***  -   -   -   -   -   -   -   -   -   -   -   -   -  
D6   -   -   -    5  -   -   -   -   -  ***  -   -   -   -   -   -   -   -   -   -   -   -  
H1  109  -   -   -   -   -   -   -   -   -  ***  -   -   -   -   -   -   -   -   -   -   -  
H2  109  -   -   -   -   -   -   -   -   -   -  ***  -   -   -   -   -   -   -   -   -   -  
H3   -  109  -   -   -   -   -   -   -   -   -   -  ***  -   -   -   -   -   -   -   -   -  
H4   -  109  -   -   -   -   -   -   -   -   -   -   -  ***  -   -   -   -   -   -   -   -  
H5   -   -  109  -   -   -   -   -   -   -   -   -   -   -  ***  -   -   -   -   -   -   -  
H6   -   -  109  -   -   -   -   -   -   -   -   -   -   -   -  ***  -   -   -   -   -   -  
H7   -   -  109  -   -   -   -   -   -   -   -   -   -   -   -   -  ***  -   -   -   -   -  
H8   -   -   -  109  -   -   -   -   -   -   -   -   -   -   -   -   -  ***  -   -   -   -  
H9   -   -   -  109  -   -   -   -   -   -   -   -   -   -   -   -   -   -  ***  -   -   -  
H10  -   -   -  109  -   -   -   -   -   -   -   -   -   -   -   -   -   -   -  ***  -   -  
O1  136  -  144  -  127   7  -   -   -   -   -   -   -   -   -   -   -   -   -   -  ***  -  
O2   -  139  -  143  -   -    2  -   -   -   -   -   -   -   -   -   -   -   -   -   -  *** 

    3-ring: D1 - O1 - C1

    Atoms H1, H2 are equivalent.
    Atoms H3, H4 are equivalent.
    Atoms H5, H6, H7 are equivalent.
    Atoms H8, H9, H10 are equivalent.

*** Molecule 7: C4D6H10O2; Representant 1; Distances in pm ***
    (ring bonds are shown in green)

    C1  C2  C3  C4  D1  D2  D3  D4  D5  D6  H1  H2  H3  H4  H5  H6  H7  H8  H9  H10 O1  O2 
C1  *** 156  -   -  137   2  -   -   -   -  109 109  -   -   -   -   -   -   -   -  136  -  
C2  156 ***  -   -   -   -   -    1  -   -   -   -  109 109  -   -   -   -   -   -   -  139 
C3   -   -  ***  -   -   -   -   -    4  -   -   -   -   -  109 109 109  -   -   -  144  -  
C4   -   -   -  ***  -   -   -   -   -    3  -   -   -   -   -   -   -  109 109 109  -  142 
D1  137  -   -   -  ***  -   -   -   -   -   -   -   -   -   -   -   -   -   -   -    3  -  
D2    2  -   -   -   -  ***  -   -   -   -   -   -   -   -   -   -   -   -   -   -   -   -  
D3   -   -   -   -   -   -  ***  -   -   -   -   -   -   -   -   -   -   -   -   -   -    1 
D4   -    1  -   -   -   -   -  ***  -   -   -   -   -   -   -   -   -   -   -   -   -   -  
D5   -   -    4  -   -   -   -   -  ***  -   -   -   -   -   -   -   -   -   -   -   -   -  
D6   -   -   -    3  -   -   -   -   -  ***  -   -   -   -   -   -   -   -   -   -   -   -  
H1  109  -   -   -   -   -   -   -   -   -  ***  -   -   -   -   -   -   -   -   -   -   -  
H2  109  -   -   -   -   -   -   -   -   -   -  ***  -   -   -   -   -   -   -   -   -   -  
H3   -  109  -   -   -   -   -   -   -   -   -   -  ***  -   -   -   -   -   -   -   -   -  
H4   -  109  -   -   -   -   -   -   -   -   -   -   -  ***  -   -   -   -   -   -   -   -  
H5   -   -  109  -   -   -   -   -   -   -   -   -   -   -  ***  -   -   -   -   -   -   -  
H6   -   -  109  -   -   -   -   -   -   -   -   -   -   -   -  ***  -   -   -   -   -   -  
H7   -   -  109  -   -   -   -   -   -   -   -   -   -   -   -   -  ***  -   -   -   -   -  
H8   -   -   -  109  -   -   -   -   -   -   -   -   -   -   -   -   -  ***  -   -   -   -  
H9   -   -   -  109  -   -   -   -   -   -   -   -   -   -   -   -   -   -  ***  -   -   -  
H10  -   -   -  109  -   -   -   -   -   -   -   -   -   -   -   -   -   -   -  ***  -   -  
O1  136  -  144  -    3  -   -   -   -   -   -   -   -   -   -   -   -   -   -   -  ***  -  
O2   -  139  -  142  -   -    1  -   -   -   -   -   -   -   -   -   -   -   -   -   -  *** 

    3-ring: D1 - O1 - C1

    Atoms H1, H2 are equivalent.
    Atoms H3, H4 are equivalent.
    Atoms H5, H6, H7 are equivalent.
    Atoms H8, H9, H10 are equivalent.

*** Molecule 8: C4D6H10O2; Representant 1; Distances in pm ***
    (ring bonds are shown in green)

    C1  C2  C3  C4  D1  D2  D3  D4  D5  D6  H1  H2  H3  H4  H5  H6  H7  H8  H9  H10 O1  O2 
C1  *** 153  -   -    9 135  -   -   -   -  109 109  -   -   -   -   -   -   -   -  135  -  
C2  153 ***  -   -   -   -   -    6  -   -   -   -  109 109  -   -   -   -   -   -   -  140 
C3   -   -  ***  -   -   -   -   -    5  -   -   -   -   -  109 109 109  -   -   -  145  -  
C4   -   -   -  ***  -   -   -   -   -    3  -   -   -   -   -   -   -  109 109 109  -  147 
D1    9  -   -   -  ***  -   -   -   -   -   -   -   -   -   -   -   -   -   -   -  128  -  
D2  135  -   -   -   -  ***  -   -   -   -   -   -   -   -   -   -   -   -   -   -    5  -  
D3   -   -   -   -   -   -  ***  -   -   -   -   -   -   -   -   -   -   -   -   -   -    4 
D4   -    6  -   -   -   -   -  ***  -   -   -   -   -   -   -   -   -   -   -   -   -   -  
D5   -   -    5  -   -   -   -   -  ***  -   -   -   -   -   -   -   -   -   -   -   -   -  
D6   -   -   -    3  -   -   -   -   -  ***  -   -   -   -   -   -   -   -   -   -   -   -  
H1  109  -   -   -   -   -   -   -   -   -  ***  -   -   -   -   -   -   -   -   -   -   -  
H2  109  -   -   -   -   -   -   -   -   -   -  ***  -   -   -   -   -   -   -   -   -   -  
H3   -  109  -   -   -   -   -   -   -   -   -   -  ***  -   -   -   -   -   -   -   -   -  
H4   -  109  -   -   -   -   -   -   -   -   -   -   -  ***  -   -   -   -   -   -   -   -  
H5   -   -  109  -   -   -   -   -   -   -   -   -   -   -  ***  -   -   -   -   -   -   -  
H6   -   -  109  -   -   -   -   -   -   -   -   -   -   -   -  ***  -   -   -   -   -   -  
H7   -   -  109  -   -   -   -   -   -   -   -   -   -   -   -   -  ***  -   -   -   -   -  
H8   -   -   -  109  -   -   -   -   -   -   -   -   -   -   -   -   -  ***  -   -   -   -  
H9   -   -   -  109  -   -   -   -   -   -   -   -   -   -   -   -   -   -  ***  -   -   -  
H10  -   -   -  109  -   -   -   -   -   -   -   -   -   -   -   -   -   -   -  ***  -   -  
O1  135  -  145  -  128   5  -   -   -   -   -   -   -   -   -   -   -   -   -   -  ***  -  
O2   -  140  -  147  -   -    4  -   -   -   -   -   -   -   -   -   -   -   -   -   -  *** 

    3-ring: D1 - O1 - C1
    3-ring: D2 - O1 - C1

    Atoms D1, D2 are equivalent.
    Atoms H1, H2 are equivalent.
    Atoms H3, H4 are equivalent.
    Atoms H5, H6, H7 are equivalent.
    Atoms H8, H9, H10 are equivalent.

*** Molecule 9: C4D6H10O2; Representant 1; Distances in pm ***
    (ring bonds are shown in green)

    C1  C2  C3  C4  D1  D2  D3  D4  D5  D6  H1  H2  H3  H4  H5  H6  H7  H8  H9  H10 O1  O2 
C1  *** 152  -   -   10  -   -   -   -   -  109 109  -   -   -   -   -   -   -   -  135  -  
C2  152 ***  -   -   -   -   -    8  -   -   -   -  109 109  -   -   -   -   -   -   -  138 
C3   -   -  ***  -   -  136  -   -    2  -   -   -   -   -  109 109 109  -   -   -  140  -  
C4   -   -   -  ***  -   -   -   -   -    5  -   -   -   -   -   -   -  109 109 109  -  141 
D1   10  -   -   -  ***  -   -   -   -   -   -   -   -   -   -   -   -   -   -   -  126  -  
D2   -   -  136  -   -  ***  -   -   -   -   -   -   -   -   -   -   -   -   -   -    5  -  
D3   -   -   -   -   -   -  ***  -   -   -   -   -   -   -   -   -   -   -   -   -   -    2 
D4   -    8  -   -   -   -   -  ***  -   -   -   -   -   -   -   -   -   -   -   -   -   -  
D5   -   -    2  -   -   -   -   -  ***  -   -   -   -   -   -   -   -   -   -   -   -   -  
D6   -   -   -    5  -   -   -   -   -  ***  -   -   -   -   -   -   -   -   -   -   -   -  
H1  109  -   -   -   -   -   -   -   -   -  ***  -   -   -   -   -   -   -   -   -   -   -  
H2  109  -   -   -   -   -   -   -   -   -   -  ***  -   -   -   -   -   -   -   -   -   -  
H3   -  109  -   -   -   -   -   -   -   -   -   -  ***  -   -   -   -   -   -   -   -   -  
H4   -  109  -   -   -   -   -   -   -   -   -   -   -  ***  -   -   -   -   -   -   -   -  
H5   -   -  109  -   -   -   -   -   -   -   -   -   -   -  ***  -   -   -   -   -   -   -  
H6   -   -  109  -   -   -   -   -   -   -   -   -   -   -   -  ***  -   -   -   -   -   -  
H7   -   -  109  -   -   -   -   -   -   -   -   -   -   -   -   -  ***  -   -   -   -   -  
H8   -   -   -  109  -   -   -   -   -   -   -   -   -   -   -   -   -  ***  -   -   -   -  
H9   -   -   -  109  -   -   -   -   -   -   -   -   -   -   -   -   -   -  ***  -   -   -  
H10  -   -   -  109  -   -   -   -   -   -   -   -   -   -   -   -   -   -   -  ***  -   -  
O1  135  -  140  -  126   5  -   -   -   -   -   -   -   -   -   -   -   -   -   -  ***  -  
O2   -  138  -  141  -   -    2  -   -   -   -   -   -   -   -   -   -   -   -   -   -  *** 

    3-ring: O1 - D1 - C1
    3-ring: C3 - D2 - O1

    Atoms H1, H2 are equivalent.
    Atoms H3, H4 are equivalent.
    Atoms H5, H6, H7 are equivalent.
    Atoms H8, H9, H10 are equivalent.

*** Molecule 10: C4D6H10O2; Representant 1; Distances in pm ***
    (ring bonds are shown in green)

    C1  C2  C3  C4  D1  D2  D3  D4  D5  D6  H1  H2  H3  H4  H5  H6  H7  H8  H9  H10 O1  O2 
C1  *** 156  -   -   -   -   12  -   -   -  109 109  -   -   -   -   -   -   -   -  140  -  
C2  156 ***  -   -   -   -   -    8  -   -   -   -  109 109  -   -   -   -   -   -   -  138 
C3   -   -  ***  -  133  -   -   -    2  -   -   -   -   -  109 109 109  -   -   -  139  -  
C4   -   -   -  ***  -  136  -   -   -    4  -   -   -   -   -   -   -  109 109 109  -  137 
D1   -   -  133  -  ***  -   -   -   -   -   -   -   -   -   -   -   -   -   -   -    6  -  
D2   -   -   -  136  -  ***  -   -   -   -   -   -   -   -   -   -   -   -   -   -   -    1 
D3   12  -   -   -   -   -  ***  -   -   -   -   -   -   -   -   -   -   -   -   -   -   -  
D4   -    8  -   -   -   -   -  ***  -   -   -   -   -   -   -   -   -   -   -   -   -   -  
D5   -   -    2  -   -   -   -   -  ***  -   -   -   -   -   -   -   -   -   -   -   -   -  
D6   -   -   -    4  -   -   -   -   -  ***  -   -   -   -   -   -   -   -   -   -   -   -  
H1  109  -   -   -   -   -   -   -   -   -  ***  -   -   -   -   -   -   -   -   -   -   -  
H2  109  -   -   -   -   -   -   -   -   -   -  ***  -   -   -   -   -   -   -   -   -   -  
H3   -  109  -   -   -   -   -   -   -   -   -   -  ***  -   -   -   -   -   -   -   -   -  
H4   -  109  -   -   -   -   -   -   -   -   -   -   -  ***  -   -   -   -   -   -   -   -  
H5   -   -  109  -   -   -   -   -   -   -   -   -   -   -  ***  -   -   -   -   -   -   -  
H6   -   -  109  -   -   -   -   -   -   -   -   -   -   -   -  ***  -   -   -   -   -   -  
H7   -   -  109  -   -   -   -   -   -   -   -   -   -   -   -   -  ***  -   -   -   -   -  
H8   -   -   -  109  -   -   -   -   -   -   -   -   -   -   -   -   -  ***  -   -   -   -  
H9   -   -   -  109  -   -   -   -   -   -   -   -   -   -   -   -   -   -  ***  -   -   -  
H10  -   -   -  109  -   -   -   -   -   -   -   -   -   -   -   -   -   -   -  ***  -   -  
O1  140  -  139  -    6  -   -   -   -   -   -   -   -   -   -   -   -   -   -   -  ***  -  
O2   -  138  -  137  -    1  -   -   -   -   -   -   -   -   -   -   -   -   -   -   -  *** 

    3-ring: D1 - C3 - O1
    3-ring: D2 - C4 - O2

    Atoms C1, C2 are equivalent.
    Atoms C3, C4 are equivalent.
    Atoms D1, D2 are equivalent.
    Atoms D3, D4 are equivalent.
    Atoms D5, D6 are equivalent.
    Atoms H1, H2, H3, H4 are equivalent.
    Atoms H5, H6, H7, H8, H9, H10 are equivalent.
    Atoms O1, O2 are equivalent.

*** Molecule 11: C4D6H10O2; Representant 1; Distances in pm ***
    (ring bonds are shown in green)

    C1  C2  C3  C4  D1  D2  D3  D4  D5  D6  H1  H2  H3  H4  H5  H6  H7  H8  H9  H10 O1  O2 
C1  ***  -  153  -   -   -   -    8  -   -  109 109  -   -   -   -   -   -   -   -  145  -  
C2   -  ***  -   -  131   5  -   -   -   -   -   -   -   -  109 109 109  -   -   -  133  -  
C3  153  -  ***  -   -   -   -   -    6  -   -   -  109 109  -   -   -   -   -   -   -  145 
C4   -   -   -  ***  -   -   -   -   -    6  -   -   -   -   -   -   -  109 109 109  -  140 
D1   -  131  -   -  ***  -   -   -   -   -   -   -   -   -   -   -   -   -   -   -    2  -  
D2   -    5  -   -   -  ***  -   -   -   -   -   -   -   -   -   -   -   -   -   -  128  -  
D3   -   -   -   -   -   -  ***  -   -   -   -   -   -   -   -   -   -   -   -   -   -    3 
D4    8  -   -   -   -   -   -  ***  -   -   -   -   -   -   -   -   -   -   -   -   -   -  
D5   -   -    6  -   -   -   -   -  ***  -   -   -   -   -   -   -   -   -   -   -   -   -  
D6   -   -   -    6  -   -   -   -   -  ***  -   -   -   -   -   -   -   -   -   -   -   -  
H1  109  -   -   -   -   -   -   -   -   -  ***  -   -   -   -   -   -   -   -   -   -   -  
H2  109  -   -   -   -   -   -   -   -   -   -  ***  -   -   -   -   -   -   -   -   -   -  
H3   -   -  109  -   -   -   -   -   -   -   -   -  ***  -   -   -   -   -   -   -   -   -  
H4   -   -  109  -   -   -   -   -   -   -   -   -   -  ***  -   -   -   -   -   -   -   -  
H5   -  109  -   -   -   -   -   -   -   -   -   -   -   -  ***  -   -   -   -   -   -   -  
H6   -  109  -   -   -   -   -   -   -   -   -   -   -   -   -  ***  -   -   -   -   -   -  
H7   -  109  -   -   -   -   -   -   -   -   -   -   -   -   -   -  ***  -   -   -   -   -  
H8   -   -   -  109  -   -   -   -   -   -   -   -   -   -   -   -   -  ***  -   -   -   -  
H9   -   -   -  109  -   -   -   -   -   -   -   -   -   -   -   -   -   -  ***  -   -   -  
H10  -   -   -  109  -   -   -   -   -   -   -   -   -   -   -   -   -   -   -  ***  -   -  
O1  145 133  -   -    2 128  -   -   -   -   -   -   -   -   -   -   -   -   -   -  ***  -  
O2   -   -  145 140  -   -    3  -   -   -   -   -   -   -   -   -   -   -   -   -   -  *** 

    3-ring: C2 - D1 - O1
    3-ring: D2 - C2 - O1

    Atoms D1, D2 are equivalent.
    Atoms H1, H2 are equivalent.
    Atoms H3, H4 are equivalent.
    Atoms H5, H6, H7 are equivalent.
    Atoms H8, H9, H10 are equivalent.

*** Molecule 12: C4D6H10O2; Representant 1; Distances in pm ***
    (ring bonds are shown in green)

    C1  C2  C3  C4  D1  D2  D3  D4  D5  D6  H1  H2  H3  H4  H5  H6  H7  H8  H9  H10 O1  O2 
C1  *** 160  -   -   -   -   -    8  -   -  109 109  -   -   -   -   -   -   -   -  142  -  
C2  160 ***  -   -   -   -   -   -    5  -   -   -  109 109  -   -   -   -   -   -   -  144 
C3   -   -  ***  -    9  -   -   -   -   -   -   -   -   -  109 109 109  -   -   -  137  -  
C4   -   -   -  ***  -   -   -   -   -    3  -   -   -   -   -   -   -  109 109 109  -  146 
D1   -   -    9  -  ***  -   -   -   -   -   -   -   -   -   -   -   -   -   -   -  128  -  
D2   -   -   -   -   -  ***  -   -   -   -   -   -   -   -   -   -   -   -   -   -    2  -  
D3   -   -   -   -   -   -  ***  -   -   -   -   -   -   -   -   -   -   -   -   -   -    3 
D4    8  -   -   -   -   -   -  ***  -   -   -   -   -   -   -   -   -   -   -   -   -   -  
D5   -    5  -   -   -   -   -   -  ***  -   -   -   -   -   -   -   -   -   -   -   -   -  
D6   -   -   -    3  -   -   -   -   -  ***  -   -   -   -   -   -   -   -   -   -   -   -  
H1  109  -   -   -   -   -   -   -   -   -  ***  -   -   -   -   -   -   -   -   -   -   -  
H2  109  -   -   -   -   -   -   -   -   -   -  ***  -   -   -   -   -   -   -   -   -   -  
H3   -  109  -   -   -   -   -   -   -   -   -   -  ***  -   -   -   -   -   -   -   -   -  
H4   -  109  -   -   -   -   -   -   -   -   -   -   -  ***  -   -   -   -   -   -   -   -  
H5   -   -  109  -   -   -   -   -   -   -   -   -   -   -  ***  -   -   -   -   -   -   -  
H6   -   -  109  -   -   -   -   -   -   -   -   -   -   -   -  ***  -   -   -   -   -   -  
H7   -   -  109  -   -   -   -   -   -   -   -   -   -   -   -   -  ***  -   -   -   -   -  
H8   -   -   -  109  -   -   -   -   -   -   -   -   -   -   -   -   -  ***  -   -   -   -  
H9   -   -   -  109  -   -   -   -   -   -   -   -   -   -   -   -   -   -  ***  -   -   -  
H10  -   -   -  109  -   -   -   -   -   -   -   -   -   -   -   -   -   -   -  ***  -   -  
O1  142  -  137  -  128   2  -   -   -   -   -   -   -   -   -   -   -   -   -   -  ***  -  
O2   -  144  -  146  -   -    3  -   -   -   -   -   -   -   -   -   -   -   -   -   -  *** 

    3-ring: D1 - C3 - O1

    Atoms H1, H2 are equivalent.
    Atoms H3, H4 are equivalent.
    Atoms H5, H6, H7 are equivalent.
    Atoms H8, H9, H10 are equivalent.

*** Molecule 13: C4D6H10O2; Representant 1; Distances in pm ***
    (ring bonds are shown in green)

    C1  C2  C3  C4  D1  D2  D3  D4  D5  D6  H1  H2  H3  H4  H5  H6  H7  H8  H9  H10 O1  O2 
C1  *** 150  -   -  135  -    3  -   -   -  109 109  -   -   -   -   -   -   -   -  134  -  
C2  150 ***  -   -   -   -   -    2  -   -   -   -  109 109  -   -   -   -   -   -   -  146 
C3   -   -  ***  -  137  -   -   -    2  -   -   -   -   -  109 109 109  -   -   -  138  -  
C4   -   -   -  ***  -   -   -   -   -    2  -   -   -   -   -   -   -  109 109 109  -  143 
D1  135  -  137  -  ***  -   -   -   -   -   -   -   -   -   -   -   -   -   -   -    1  -  
D2   -   -   -   -   -  ***  -   -   -   -   -   -   -   -   -   -   -   -   -   -   -    2 
D3    3  -   -   -   -   -  ***  -   -   -   -   -   -   -   -   -   -   -   -   -   -   -  
D4   -    2  -   -   -   -   -  ***  -   -   -   -   -   -   -   -   -   -   -   -   -   -  
D5   -   -    2  -   -   -   -   -  ***  -   -   -   -   -   -   -   -   -   -   -   -   -  
D6   -   -   -    2  -   -   -   -   -  ***  -   -   -   -   -   -   -   -   -   -   -   -  
H1  109  -   -   -   -   -   -   -   -   -  ***  -   -   -   -   -   -   -   -   -   -   -  
H2  109  -   -   -   -   -   -   -   -   -   -  ***  -   -   -   -   -   -   -   -   -   -  
H3   -  109  -   -   -   -   -   -   -   -   -   -  ***  -   -   -   -   -   -   -   -   -  
H4   -  109  -   -   -   -   -   -   -   -   -   -   -  ***  -   -   -   -   -   -   -   -  
H5   -   -  109  -   -   -   -   -   -   -   -   -   -   -  ***  -   -   -   -   -   -   -  
H6   -   -  109  -   -   -   -   -   -   -   -   -   -   -   -  ***  -   -   -   -   -   -  
H7   -   -  109  -   -   -   -   -   -   -   -   -   -   -   -   -  ***  -   -   -   -   -  
H8   -   -   -  109  -   -   -   -   -   -   -   -   -   -   -   -   -  ***  -   -   -   -  
H9   -   -   -  109  -   -   -   -   -   -   -   -   -   -   -   -   -   -  ***  -   -   -  
H10  -   -   -  109  -   -   -   -   -   -   -   -   -   -   -   -   -   -   -  ***  -   -  
O1  134  -  138  -    1  -   -   -   -   -   -   -   -   -   -   -   -   -   -   -  ***  -  
O2   -  146  -  143  -    2  -   -   -   -   -   -   -   -   -   -   -   -   -   -   -  *** 

    3-ring: D1 - O1 - C1
    3-ring: D1 - C3 - O1

    Atoms H1, H2 are equivalent.
    Atoms H3, H4 are equivalent.
    Atoms H5, H6, H7 are equivalent.
    Atoms H8, H9, H10 are equivalent.

*** Molecule 14: C4D6H10O2; Representant 1; Distances in pm ***
    (ring bonds are shown in green)

    C1  C2  C3  C4  D1  D2  D3  D4  D5  D6  H1  H2  H3  H4  H5  H6  H7  H8  H9  H10 O1  O2 
C1  *** 153  -   -   -   -   -    8  -   -  109 109  -   -   -   -   -   -   -   -  145  -  
C2  153 ***  -   -   -   -   -   -    8  -   -   -  109 109  -   -   -   -   -   -   -  140 
C3   -   -  ***  -  133   8  -   -   -   -   -   -   -   -  109 109 109  -   -   -  133  -  
C4   -   -   -  ***  -   -  133  -   -    4  -   -   -   -   -   -   -  109 109 109  -  135 
D1   -   -  133  -  ***  -   -   -   -   -   -   -   -   -   -   -   -   -   -   -    3  -  
D2   -   -    8  -   -  ***  -   -   -   -   -   -   -   -   -   -   -   -   -   -  125  -  
D3   -   -   -  133  -   -  ***  -   -   -   -   -   -   -   -   -   -   -   -   -   -    4 
D4    8  -   -   -   -   -   -  ***  -   -   -   -   -   -   -   -   -   -   -   -   -   -  
D5   -    8  -   -   -   -   -   -  ***  -   -   -   -   -   -   -   -   -   -   -   -   -  
D6   -   -   -    4  -   -   -   -   -  ***  -   -   -   -   -   -   -   -   -   -   -   -  
H1  109  -   -   -   -   -   -   -   -   -  ***  -   -   -   -   -   -   -   -   -   -   -  
H2  109  -   -   -   -   -   -   -   -   -   -  ***  -   -   -   -   -   -   -   -   -   -  
H3   -  109  -   -   -   -   -   -   -   -   -   -  ***  -   -   -   -   -   -   -   -   -  
H4   -  109  -   -   -   -   -   -   -   -   -   -   -  ***  -   -   -   -   -   -   -   -  
H5   -   -  109  -   -   -   -   -   -   -   -   -   -   -  ***  -   -   -   -   -   -   -  
H6   -   -  109  -   -   -   -   -   -   -   -   -   -   -   -  ***  -   -   -   -   -   -  
H7   -   -  109  -   -   -   -   -   -   -   -   -   -   -   -   -  ***  -   -   -   -   -  
H8   -   -   -  109  -   -   -   -   -   -   -   -   -   -   -   -   -  ***  -   -   -   -  
H9   -   -   -  109  -   -   -   -   -   -   -   -   -   -   -   -   -   -  ***  -   -   -  
H10  -   -   -  109  -   -   -   -   -   -   -   -   -   -   -   -   -   -   -  ***  -   -  
O1  145  -  133  -    3 125  -   -   -   -   -   -   -   -   -   -   -   -   -   -  ***  -  
O2   -  140  -  135  -   -    4  -   -   -   -   -   -   -   -   -   -   -   -   -   -  *** 

    3-ring: D1 - C3 - O1
    3-ring: D2 - C3 - O1
    3-ring: D3 - C4 - O2

    Atoms D1, D2 are equivalent.
    Atoms H1, H2 are equivalent.
    Atoms H3, H4 are equivalent.
    Atoms H5, H6, H7 are equivalent.
    Atoms H8, H9, H10 are equivalent.

*** Molecule 15: C4D6H10O2; Representant 1; Distances in pm ***
    (ring bonds are shown in green)

    C1  C2  C3  C4  D1  D2  D3  D4  D5  D6  H1  H2  H3  H4  H5  H6  H7  H8  H9  H10 O1  O2 
C1  *** 149  -   -    3 134  -   -   -   -  109 109  -   -   -   -   -   -   -   -  132  -  
C2  149 ***  -   -   -   -  136   2  -   -   -   -  109 109  -   -   -   -   -   -   -  137 
C3   -   -  ***  -   -   -   -   -    2  -   -   -   -   -  109 109 109  -   -   -  146  -  
C4   -   -   -  ***  -   -   -   -   -    4  -   -   -   -   -   -   -  109 109 109  -  139 
D1    3  -   -   -  ***  -   -   -   -   -   -   -   -   -   -   -   -   -   -   -  129  -  
D2  134  -   -   -   -  ***  -   -   -   -   -   -   -   -   -   -   -   -   -   -    3  -  
D3   -  136  -   -   -   -  ***  -   -   -   -   -   -   -   -   -   -   -   -   -   -    2 
D4   -    2  -   -   -   -   -  ***  -   -   -   -   -   -   -   -   -   -   -   -   -   -  
D5   -   -    2  -   -   -   -   -  ***  -   -   -   -   -   -   -   -   -   -   -   -   -  
D6   -   -   -    4  -   -   -   -   -  ***  -   -   -   -   -   -   -   -   -   -   -   -  
H1  109  -   -   -   -   -   -   -   -   -  ***  -   -   -   -   -   -   -   -   -   -   -  
H2  109  -   -   -   -   -   -   -   -   -   -  ***  -   -   -   -   -   -   -   -   -   -  
H3   -  109  -   -   -   -   -   -   -   -   -   -  ***  -   -   -   -   -   -   -   -   -  
H4   -  109  -   -   -   -   -   -   -   -   -   -   -  ***  -   -   -   -   -   -   -   -  
H5   -   -  109  -   -   -   -   -   -   -   -   -   -   -  ***  -   -   -   -   -   -   -  
H6   -   -  109  -   -   -   -   -   -   -   -   -   -   -   -  ***  -   -   -   -   -   -  
H7   -   -  109  -   -   -   -   -   -   -   -   -   -   -   -   -  ***  -   -   -   -   -  
H8   -   -   -  109  -   -   -   -   -   -   -   -   -   -   -   -   -  ***  -   -   -   -  
H9   -   -   -  109  -   -   -   -   -   -   -   -   -   -   -   -   -   -  ***  -   -   -  
H10  -   -   -  109  -   -   -   -   -   -   -   -   -   -   -   -   -   -   -  ***  -   -  
O1  132  -  146  -  129   3  -   -   -   -   -   -   -   -   -   -   -   -   -   -  ***  -  
O2   -  137  -  139  -   -    2  -   -   -   -   -   -   -   -   -   -   -   -   -   -  *** 

    3-ring: D1 - O1 - C1
    3-ring: D2 - O1 - C1
    3-ring: D3 - O2 - C2

    Atoms D1, D2 are equivalent.
    Atoms H1, H2 are equivalent.
    Atoms H3, H4 are equivalent.
    Atoms H5, H6, H7 are equivalent.
    Atoms H8, H9, H10 are equivalent.

*** Molecule 16: C4D6H10O2; Representant 1; Distances in pm ***
    (ring bonds are shown in green)

    C1  C2  C3  C4  D1  D2  D3  D4  D5  D6  H1  H2  H3  H4  H5  H6  H7  H8  H9  H10 O1  O2 
C1  *** 151  -   -  136  -    2  -   -   -  109 109  -   -   -   -   -   -   -   -  136  -  
C2  151 ***  -   -   -   -   -    3  -   -   -   -  109 109  -   -   -   -   -   -   -  144 
C3   -   -  ***  -   -  135  -   -    2  -   -   -   -   -  109 109 109  -   -   -   -  137 
C4   -   -   -  ***  -   -   -   -   -    2  -   -   -   -   -   -   -  109 109 109 147  -  
D1  136  -   -   -  ***  -   -   -   -   -   -   -   -   -   -   -   -   -   -   -    2  -  
D2   -   -  135  -   -  ***  -   -   -   -   -   -   -   -   -   -   -   -   -   -   -    2 
D3    2  -   -   -   -   -  ***  -   -   -   -   -   -   -   -   -   -   -   -   -   -   -  
D4   -    3  -   -   -   -   -  ***  -   -   -   -   -   -   -   -   -   -   -   -   -   -  
D5   -   -    2  -   -   -   -   -  ***  -   -   -   -   -   -   -   -   -   -   -   -   -  
D6   -   -   -    2  -   -   -   -   -  ***  -   -   -   -   -   -   -   -   -   -   -   -  
H1  109  -   -   -   -   -   -   -   -   -  ***  -   -   -   -   -   -   -   -   -   -   -  
H2  109  -   -   -   -   -   -   -   -   -   -  ***  -   -   -   -   -   -   -   -   -   -  
H3   -  109  -   -   -   -   -   -   -   -   -   -  ***  -   -   -   -   -   -   -   -   -  
H4   -  109  -   -   -   -   -   -   -   -   -   -   -  ***  -   -   -   -   -   -   -   -  
H5   -   -  109  -   -   -   -   -   -   -   -   -   -   -  ***  -   -   -   -   -   -   -  
H6   -   -  109  -   -   -   -   -   -   -   -   -   -   -   -  ***  -   -   -   -   -   -  
H7   -   -  109  -   -   -   -   -   -   -   -   -   -   -   -   -  ***  -   -   -   -   -  
H8   -   -   -  109  -   -   -   -   -   -   -   -   -   -   -   -   -  ***  -   -   -   -  
H9   -   -   -  109  -   -   -   -   -   -   -   -   -   -   -   -   -   -  ***  -   -   -  
H10  -   -   -  109  -   -   -   -   -   -   -   -   -   -   -   -   -   -   -  ***  -   -  
O1  136  -   -  147   2  -   -   -   -   -   -   -   -   -   -   -   -   -   -   -  ***  -  
O2   -  144 137  -   -    2  -   -   -   -   -   -   -   -   -   -   -   -   -   -   -  *** 

    3-ring: C3 - D2 - O2
    3-ring: D1 - O1 - C1

    Atoms H1, H2 are equivalent.
    Atoms H3, H4 are equivalent.
    Atoms H5, H6, H7 are equivalent.
    Atoms H8, H9, H10 are equivalent.

*** Molecule 17: Li; Representant 1; Distances in pm ***
[only 1 Atom]

*** Molecule 18: D; Representant 1; Distances in pm ***
[only 1 Atom]


*** The following 18 kinds of molecules have been recognized:
    (ordered by molecular mass)

  - Molecule 1:  D9F2NO4S2 (137 pieces, 198.26 g/mol)
      (8 noneq. atoms, 10 noneq. bonds, 31 noneq. angles)
      Concentration:   0.892584 mol/liter
      Detected 8 rings:
         1.)  3-ring: D4 - O1 - S1
         2.)  3-ring: D5 - O2 - S1
         3.)  3-ring: D1 - N1 - S1
         4.)  3-ring: S2 - D1 - N1
         5.)  3-ring: D3 - F2 - S2
         6.)  3-ring: D6 - O3 - S2
         7.)  3-ring: D7 - O4 - S2
         8.)  3-ring: D2 - S1 - F1

  - Molecule 2:  D9F2NO4S2 (2 pieces, 198.26 g/mol)
      (14 noneq. atoms, 18 noneq. bonds, 52 noneq. angles)
      Concentration:   0.013030 mol/liter
      Detected 7 rings:
         1.)  3-ring: D4 - O1 - S1
         2.)  3-ring: D1 - N1 - S1
         3.)  3-ring: D3 - F2 - S2
         4.)  3-ring: D6 - O3 - S2
         5.)  3-ring: D7 - O4 - S2
         6.)  3-ring: D5 - O2 - S1
         7.)  3-ring: D2 - S1 - F1

  - Molecule 3:  D9F2NO4S2 (11 pieces, 198.26 g/mol)
      (14 noneq. atoms, 18 noneq. bonds, 53 noneq. angles)
      Concentration:   0.071667 mol/liter
      Detected 7 rings:
         1.)  3-ring: S1 - D2 - F1
         2.)  3-ring: D3 - O1 - S1
         3.)  3-ring: D5 - O3 - S2
         4.)  3-ring: D1 - N1 - S1
         5.)  3-ring: D1 - S2 - N1
         6.)  3-ring: D6 - O4 - S2
         7.)  3-ring: D4 - O2 - S1

  - Molecule 4:  C4D6H10O2 (1087 pieces, 102.21 g/mol)
      (8 noneq. atoms, 8 noneq. bonds, 14 noneq. angles)
      Concentration:   7.082035 mol/liter

  - Molecule 5:  C4D6H10O2 (192 pieces, 102.21 g/mol)
      (16 noneq. atoms, 16 noneq. bonds, 32 noneq. angles)
      Concentration:   1.250921 mol/liter
      Detected 1 ring:
         1.)  3-ring: D1 - C3 - O1

  - Molecule 6:  C4D6H10O2 (5 pieces, 102.21 g/mol)
      (16 noneq. atoms, 16 noneq. bonds, 32 noneq. angles)
      Concentration:   0.032576 mol/liter
      Detected 1 ring:
         1.)  3-ring: D1 - O1 - C1

  - Molecule 7:  C4D6H10O2 (40 pieces, 102.21 g/mol)
      (16 noneq. atoms, 16 noneq. bonds, 33 noneq. angles)
      Concentration:   0.260608 mol/liter
      Detected 1 ring:
         1.)  3-ring: D1 - O1 - C1

  - Molecule 8:  C4D6H10O2 (3 pieces, 102.21 g/mol)
      (15 noneq. atoms, 15 noneq. bonds, 31 noneq. angles)
      Concentration:   0.019546 mol/liter
      Detected 2 rings:
         1.)  3-ring: D1 - O1 - C1
         2.)  3-ring: D2 - O1 - C1

  - Molecule 9:  C4D6H10O2 (1 piece, 102.21 g/mol)
      (16 noneq. atoms, 17 noneq. bonds, 36 noneq. angles)
      Concentration:   0.006515 mol/liter
      Detected 2 rings:
         1.)  3-ring: O1 - D1 - C1
         2.)  3-ring: C3 - D2 - O1

  - Molecule 10:  C4D6H10O2 (13 pieces, 102.21 g/mol)
      (8 noneq. atoms, 9 noneq. bonds, 18 noneq. angles)
      Concentration:   0.084698 mol/liter
      Detected 2 rings:
         1.)  3-ring: D1 - C3 - O1
         2.)  3-ring: D2 - C4 - O2

  - Molecule 11:  C4D6H10O2 (4 pieces, 102.21 g/mol)
      (15 noneq. atoms, 15 noneq. bonds, 31 noneq. angles)
      Concentration:   0.026061 mol/liter
      Detected 2 rings:
         1.)  3-ring: C2 - D1 - O1
         2.)  3-ring: D2 - C2 - O1

  - Molecule 12:  C4D6H10O2 (1 piece, 102.21 g/mol)
      (16 noneq. atoms, 16 noneq. bonds, 32 noneq. angles)
      Concentration:   0.006515 mol/liter
      Detected 1 ring:
         1.)  3-ring: D1 - C3 - O1

  - Molecule 13:  C4D6H10O2 (1 piece, 102.21 g/mol)
      (16 noneq. atoms, 17 noneq. bonds, 38 noneq. angles)
      Concentration:   0.006515 mol/liter
      Detected 2 rings:
         1.)  3-ring: D1 - O1 - C1
         2.)  3-ring: D1 - C3 - O1

  - Molecule 14:  C4D6H10O2 (1 piece, 102.21 g/mol)
      (15 noneq. atoms, 16 noneq. bonds, 35 noneq. angles)
      Concentration:   0.006515 mol/liter
      Detected 3 rings:
         1.)  3-ring: D1 - C3 - O1
         2.)  3-ring: D2 - C3 - O1
         3.)  3-ring: D3 - C4 - O2

  - Molecule 15:  C4D6H10O2 (1 piece, 102.21 g/mol)
      (15 noneq. atoms, 16 noneq. bonds, 36 noneq. angles)
      Concentration:   0.006515 mol/liter
      Detected 3 rings:
         1.)  3-ring: D1 - O1 - C1
         2.)  3-ring: D2 - O1 - C1
         3.)  3-ring: D3 - O2 - C2

  - Molecule 16:  C4D6H10O2 (1 piece, 102.21 g/mol)
      (16 noneq. atoms, 17 noneq. bonds, 37 noneq. angles)
      Concentration:   0.006515 mol/liter
      Detected 2 rings:
         1.)  3-ring: C3 - D2 - O2
         2.)  3-ring: D1 - O1 - C1

  - Molecule 17:  Li (150 pieces, 6.97 g/mol)
      (1 noneq. atom, 0 noneq. bonds, 0 noneq. angles)
      Concentration:   0.977282 mol/liter

  - Molecule 18:  D (150 pieces, 2.01 g/mol)
      (1 noneq. atom, 0 noneq. bonds, 0 noneq. angles)
      Concentration:   0.977282 mol/liter


    If you switch on "USE_OPENBABEL" in config.h, TRAVIS can print SMILES strings of your molecules.

    You can create images of the structural formulas with the atom labels for easier
    identification of the atoms (requires installed GraphViz package - see www.graphviz.org).

    Create images of the structural formulas (y/n)? [no] <RETURN>

    Accept these molecules (y) or change something (n)? [yes] n

    If you want some atom types to form no bonds at all, assign covalent radius 0 to them.

    *** Modify Molecules ***

    Your choices:

    1.) Change covalent atom radii used for bond recognition
    2.) Break specific bonds
    3.) Rename elements
    4.) Split molecule type into two types
    5.) Add bonds / add solvation shell to molecule

    Please select: [done] 1

    A covalent radius of 0 means that the element can't form any bonds.

    These values have been used (covalent radii from literature multiplied with 1.15):

      - C      94.3 pm
      - D      42.5 pm
      - F      83.9 pm
      - H      42.5 pm
      - Li      0.0 pm
      - N      88.5 pm
      - O      86.2 pm
      - S     121.9 pm

    The radius of which element do you want to change (enter element label)? [done] D
    Please enter new bond radius for D in pm: [42.5] 0

      Atom D will form no bonds now.

    Also remove this atom type from the system (y/n)? [no] y

    The radius of which element do you want to change (enter element label)? [done] <RETURN>


    *** Modify Molecules ***

    Your choices:

    1.) Change covalent atom radii used for bond recognition
    2.) Break specific bonds
    3.) Rename elements
    4.) Split molecule type into two types
    5.) Add bonds / add solvation shell to molecule

    Please select: [done] <RETURN>

    Going back to molecule recognition with changed settings.


    NPT: Using a cell vector of ( 6340.26 pm | 6340.26 pm | 6340.26 pm ) for molecule recognition.


    Initialized spatial domain engine with 26 x 26 x 26 cells, min. diameter = 244 pm.

    Molecule recognition [##########################################]

    1650 molecules found.

    Molecule recognition took 0.0048 seconds.

    Sorting atom types...
    Setting up bond lists...
    Building atom codes...
    Creating refined topological atom order...
      [############################################################] Done.
    Creating bond list...
    Creating angle list...
    Grouping together equivalent molecules...
    Found 3 unique molecule types.
    Sorting molecule types by molecular mass...
    Found 0 rings.
    Molecule recognition finished.

Output of bond matrices:

*** Molecule 1: F2NO4S2; Representant 1; Distances in pm ***

    F1  F2  N1  O1  O2  O3  O4  S1  S2 
F1  ***  -   -   -   -   -   -  155  -  
F2   -  ***  -   -   -   -   -   -  152 
N1   -   -  ***  -   -   -   -  155 157 
O1   -   -   -  ***  -   -   -  143  -  
O2   -   -   -   -  ***  -   -  149  -  
O3   -   -   -   -   -  ***  -   -  145 
O4   -   -   -   -   -   -  ***  -  144 
S1  155  -  155 143 149  -   -  ***  -  
S2   -  152 157  -   -  145 144  -  *** 

    Atoms F1, F2 are equivalent.
    Atoms O1, O2, O3, O4 are equivalent.
    Atoms S1, S2 are equivalent.

*** Molecule 2: C4H10O2; Representant 1; Distances in pm ***

    C1  C2  C3  C4  H1  H2  H3  H4  H5  H6  H7  H8  H9  H10 O1  O2 
C1  *** 153  -   -  109 109  -   -   -   -   -   -   -   -  144  -  
C2  153 ***  -   -   -   -  109 109  -   -   -   -   -   -   -  144 
C3   -   -  ***  -   -   -   -   -  109 109 109  -   -   -  144  -  
C4   -   -   -  ***  -   -   -   -   -   -   -  109 109 109  -  143 
H1  109  -   -   -  ***  -   -   -   -   -   -   -   -   -   -   -  
H2  109  -   -   -   -  ***  -   -   -   -   -   -   -   -   -   -  
H3   -  109  -   -   -   -  ***  -   -   -   -   -   -   -   -   -  
H4   -  109  -   -   -   -   -  ***  -   -   -   -   -   -   -   -  
H5   -   -  109  -   -   -   -   -  ***  -   -   -   -   -   -   -  
H6   -   -  109  -   -   -   -   -   -  ***  -   -   -   -   -   -  
H7   -   -  109  -   -   -   -   -   -   -  ***  -   -   -   -   -  
H8   -   -   -  109  -   -   -   -   -   -   -  ***  -   -   -   -  
H9   -   -   -  109  -   -   -   -   -   -   -   -  ***  -   -   -  
H10  -   -   -  109  -   -   -   -   -   -   -   -   -  ***  -   -  
O1  144  -  144  -   -   -   -   -   -   -   -   -   -   -  ***  -  
O2   -  144  -  143  -   -   -   -   -   -   -   -   -   -   -  *** 

    Atoms C1, C2 are equivalent.
    Atoms C3, C4 are equivalent.
    Atoms H1, H2, H3, H4 are equivalent.
    Atoms H5, H6, H7, H8, H9, H10 are equivalent.
    Atoms O1, O2 are equivalent.

*** Molecule 3: Li; Representant 1; Distances in pm ***
[only 1 Atom]


*** The following 3 kinds of molecules have been recognized:
    (ordered by molecular mass)

  - Molecule 1:  F2NO4S2 (150 pieces, 180.14 g/mol)
      (4 noneq. atoms, 3 noneq. bonds, 5 noneq. angles)
      Concentration:   0.977282 mol/liter

  - Molecule 2:  C4H10O2 (1350 pieces, 90.12 g/mol)
      (5 noneq. atoms, 5 noneq. bonds, 7 noneq. angles)
      Concentration:   8.795535 mol/liter

  - Molecule 3:  Li (150 pieces, 6.97 g/mol)
      (1 noneq. atom, 0 noneq. bonds, 0 noneq. angles)
      Concentration:   0.977282 mol/liter


    If you switch on "USE_OPENBABEL" in config.h, TRAVIS can print SMILES strings of your molecules.

    You can create images of the structural formulas with the atom labels for easier
    identification of the atoms (requires installed GraphViz package - see www.graphviz.org).

    Create images of the structural formulas (y/n)? [no] <RETURN>

    Accept these molecules (y) or change something (n)? [yes] <RETURN>

    Uniting molecules which have been broken by wrapping...

    Determining maximum molecular diameters...

    Found the following maximal molecular diameters:

      (*) Molecule 1 (F2NO4S2):    515.79 pm

      (*) Molecule 2 (C4H10O2):    781.72 pm

      (*) Molecule 3 (Li):       (only one atom)


    The atoms are currently ordered by topological priority.

    Defining virtual atom #1 as molecular Center of Geometry:
      - F2NO4S2...
      - C4H10O2...
      - Li...

    Defining virtual atom #2 as molecular Center of Mass:
      - F2NO4S2...
      - C4H10O2...
      - Li...

    Defining molecular dipole vectors:

      The last virtual atom of each molecule is defined as the tip of the dipole vector
      starting in center of mass (#2). 1 Debye corresponds to 100 pm of vector length.
      Only useful if dipole/charge data is provided. Otherwise vector has always length of zero.

      - Dipole vector #2 --> #3 in F2NO4S2 ...
      - Dipole vector #2 --> #3 in C4H10O2 ...
      - Dipole vector #2 --> #3 in Li ...

>>> 9 virtual atoms have been defined: >>>

    #1 in F2NO4S2: Center of Geometry.
    #2 in F2NO4S2: Center of Mass.

    #3 in F2NO4S2 - tip of molecular dipole vector starting in #2.

    #1 in C4H10O2: Center of Geometry.
    #2 in C4H10O2: Center of Mass.

    #3 in C4H10O2 - tip of molecular dipole vector starting in #2.

    #1 in Li: Center of Geometry.
    #2 in Li: Center of Mass.

    #3 in Li - tip of molecular dipole vector starting in #2.

<<< End of virtual atoms <<<


>>> List of functions <<<

 *** Static (time independent) Functions
 cdf      - Combined Distribution Function
 rdf      - Radial Distribution Function
 adf      - Angular Distribution Function
 ddf      - Dihedral Distribution Function
 pldf     - Point-Plane Distance Distribution
 lidf     - Point-Line Distance Distribution
 plproj   - Plane Projection Distribution
 dprof    - Fixed Plane Density Profile
 fpp      - Fixed Plane Projection
 dens     - Density Distribution Function
 sdf      - Spatial Distribution Function
 psdf     - Pseudo SDF (only 2 ref. atoms)
 dip      - Dipole Distribution Function
 cond     - Evaluate Structural Condition
 sfac     - Compute Structure Factor
 agtopo   - Aggregation Topology Analysis
 sankey   - Sankey diagram plot
 cmat     - Contact Matrix / Connection Matrix
 geodens  - Particle Density inside Geometric Object
 conduct2 - Ionic Conductivity2 Analysis
 gentup   - Generalized Tuple Analysis
 sprop    - Static Material Properties (multipoles, ...)
 nbh      - Neighborhood Analysis
 chdf     - Charge Distribution Function
 fosdf    - Floating Orbital Spatial Distribution Function
 rchdf    - Spatial Charge Distribution Function
 bstat    - Bonded Interaction Statistics

 *** Dynamic (time dependent) Functions
 vdf      - Velocity Distribution Function
 fdf      - Force Distribution Function
 msd      - Mean Square Displacement / Diffusion Coefficients
 acf      - Velocity Autocorrelation Functions
 rdyn     - Vector Reorientation Dynamics
 vhcf     - Van Hove Correlation Function
 aggr     - Aggregation Functions (DACF, DLDF, DDisp)
 hbond    - Hydrogen Bond Dynamics
 ionpair  - Diffusion Corrected Ion Pair Dynamics
 tddf     - Time Dependent Distribution Functions
 conduct  - Ionic Conductivity Analysis
 reflux   - Generalized Reactive Flux Analysis
 dprop    - Dynamic Material Properties (multipoles, ...)
 disso    - Dissociation Screening
 nbex     - Neighborhood Exchange Functions
 therm    - Thermodynamic Functions
 markov   - Markov Model Analysis

 *** Spectroscopic Functions
 spec     - New Spectroscopy Module (IR, Raman, VCD, ROA)
 power    - Calculate Power Spectrum
 nc       - Normal Coordinate Analysis
 ir       - (old) Calculate IR Spectrum
 raman    - (old) Calculate Raman Spectrum
 vcd      - (old) Calculate VCD Spectrum
 irgrid   - Calculate IR Grid Spectrum
 dpol     - Dynamic Polarizability
 sfg      - Calculate SFG Spectrum
 rera     - Calculate Resonance Raman Spectrum
 drst     - Save Dipole Restart File
 mrst     - Save Magnetic Moment Restart File
 pol      - Set up Polarizability Calculation

 *** Miscellaneous Functions
 env      - Save Trajectory of RM Environment / TDO Plot
 proc     - Save Processed Trajectory
 cut      - Cut Clusters
 reg      - Region-specific Analysis
 chi      - Chirality Analysis
 eck      - Transform to Eckart Frame
 swan     - Sort Wannier Centers
 voro     - Basic Voronoi Analysis
 vori     - Voronoi Integration Functions
 vorochg  - Voronoi Charge Optimization
 doma     - Domain Analysis
 order    - Order Parameters
 hole     - Hole Theory based Analysis
 cla      - Cluster Analysis
 void     - Void Analysis
 react    - Reaction Tracking
 resp     - Run CP2k RESP Calculation
 ffgen    - Force Field Generation
 mic      - Microheterogeneity Analysis
 fesa     - Free Energy Surface Analysis
 scale    - Scale Trajectory Amplitude
 fma      - Force Matching
 grot     - Grotthus Analysis Tools
 nano     - Nanoparticle analysis (pre-alpha)
 hyb      - Setup hybrid CP2k sim. (QM+force field)
 cutdim   - Cut Dimers
 coordgeo - Coordination Geometry Analysis

   (You may specify multiple analyses at once, but
    the safe way is to perform only one kind of analysis at a time.)

    Which functions to compute (comma separated)? conduct

 conduct - Ionic Conductivity Analysis

    The advanced mode includes some options which are quite powerful,
    yet possibly weird or seldomly required.

    Use the advanced mode for the main part (y/n)? [no] <RETURN>

    Enter the physical time distance between successive trajectory frames in fs: [0.5] 1

    >>> Conductivity Observation >>>


        Include molecule 1 (F2NO4S2) in conductivity calculation? [yes] <RETURN>
        Enter the charge of the molecule: [1.0] -1
        Which atom to take to represent molecule F2NO4S2 (e.g. "C1,O3")? [#2] <RETURN>

        Include molecule 2 (C4H10O2) in conductivity calculation? [yes] n

        Include molecule 3 (Li) in conductivity calculation? [yes] <RETURN>
        Enter the charge of the molecule: [1.0] 1
        Molecule Li consists of only one atom, so it will be taken as a whole.

        Including the following molecules:
         150 F2NO4S2   
         150 Li        

        Enter the temperature in K: [300.0] 333.15

        Use the Green-Kubo formulation (y) or the Einstein displacement (n)? [no] y

        Green-Kubo formulation will be used to calculate conductivity via velocity correlation functions (using fast fourier transform).

        Enter the depth of the correlation (in timesteps): [74985] 75000

    CalcFFTSize(): 75000 = 2^3 * 3^1 * 5^5. All prime factors within 2, 3, 5. Fine.


        Use decomposition of the conductivity into contributions from all charged species? [no] y

        Use mass-fixed (0), number-fixed (1) or solvent-fixed (2) frame of reference? [0] 0


    <<< End of Conductivity Observation <<<


    Not wrapping molecules into the box.

    Not removing center of mass movement of the box.

    In which trajectory frame to start processing the trajectory? [1] <RETURN>
    How many trajectory frames to read (from this position on)? [all] <RETURN>
    Use every n-th read trajectory frame for the analysis: [1] <RETURN>

    Using 99980 time steps: Every 1st within range 1 - approx. 99980.

########## All information collected ##########

>>> Initialization >>>


<<< End of Initialization <<<


##########   Starting Main Pass   ##########

Hint: Press CTRL+C once to softly interrupt analysis and still write the results.
      Creating an empty file named EXIT ("touch EXIT") has the same effect.

Step      0 ..................................................
Step     50 .................................................. ETA 17m16s
Step   1050 .................................................. ETA 16m43s
Step   2050 .................................................. ETA 16m25s
Step   3050 .................................................. ETA 16m11s
Step   4050 .................................................. ETA 15m58s
Step   5050 .................................................. ETA 15m47s
Step   6050 .................................................. ETA 15m49s
Step   7050 .................................................. ETA 15m36s
Step   8050 .................................................. ETA 15m24s
Step   9050 .................................................. ETA 15m21s
Step  10050 .................................................. ETA 15m09s
Step  11050 .................................................. ETA 15m04s
Step  12050 .................................................. ETA 14m52s
Step  13050 .................................................. ETA 14m40s
Step  14050 .................................................. ETA 14m34s
Step  15050 .................................................. ETA 14m22s
Step  16050 .................................................. ETA 14m16s
Step  17050 .................................................. ETA 14m04s
Step  18050 .................................................. ETA 14m13s
Step  19050 .................................................. ETA 14m13s
Step  20050 .................................................. ETA 14m14s
Step  21050 .................................................. ETA 14m11s
Step  22050 .................................................. ETA 14m04s
Step  23050 .................................................. ETA 13m56s
Step  24050 .................................................. ETA 13m48s
Step  25050 .................................................. ETA 13m43s
Step  26050 .................................................. ETA 13m34s
Step  27050 .................................................. ETA 13m27s
Step  28050 .................................................. ETA 13m18s
Step  29050 .................................................. ETA 13m11s
Step  30050 .................................................. ETA 13m01s
Step  31050 .................................................. ETA 12m53s
Step  32050 .................................................. ETA 12m45s
Step  33050 .................................................. ETA 12m40s
Step  34050 .................................................. ETA 12m30s
Step  35050 .................................................. ETA 12m21s
Step  36050 .................................................. ETA 12m12s
Step  37050 .................................................. ETA 12m02s
Step  38050 .................................................. ETA 11m53s
Step  39050 .................................................. ETA 11m43s
Step  40050 .................................................. ETA 11m33s
Step  41050 .................................................. ETA 11m23s
Step  42050 .................................................. ETA 11m13s
Step  43050 .................................................. ETA 11m04s
Step  44050 .................................................. ETA 10m53s
Step  45050 .................................................. ETA 10m42s
Step  46050 .................................................. ETA 10m32s
Step  47050 .................................................. ETA 10m20s
Step  48050 .................................................. ETA 10m09s
Step  49050 .................................................. ETA 10m00s
Step  50050 .................................................. ETA  9m50s
Step  51050 .................................................. ETA  9m39s
Step  52050 .................................................. ETA  9m27s
Step  53050 .................................................. ETA  9m16s
Step  54050 .................................................. ETA  9m05s
Step  55050 .................................................. ETA  8m53s
Step  56050 .................................................. ETA  8m42s
Step  57050 .................................................. ETA  8m30s
Step  58050 .................................................. ETA  8m18s
Step  59050 .................................................. ETA  8m07s
Step  60050 .................................................. ETA  7m56s
Step  61050 .................................................. ETA  7m43s
Step  62050 .................................................. ETA  7m32s
Step  63050 .................................................. ETA  7m19s
Step  64050 .................................................. ETA  7m06s
Step  65050 .................................................. ETA  6m55s
Step  66050 .................................................. ETA  6m43s
Step  67050 .................................................. ETA  6m31s
Step  68050 .................................................. ETA  6m19s
Step  69050 .................................................. ETA  6m08s
Step  70050 .................................................. ETA  5m56s
Step  71050 .................................................. ETA  5m45s
Step  72050 .................................................. ETA  5m32s
Step  73050 .................................................. ETA  5m21s
Step  74050 .................................................. ETA  5m08s
Step  75050 .................................................. ETA  4m56s
Step  76050 .................................................. ETA  4m44s
Step  77050 .................................................. ETA  4m32s
Step  78050 .................................................. ETA  4m20s
Step  79050 .................................................. ETA  4m07s
Step  80050 .................................................. ETA  3m55s
Step  81050 .................................................. ETA  3m42s
Step  82050 .................................................. ETA  3m30s
Step  83050 .................................................. ETA  3m17s
Step  84050 .................................................. ETA  3m05s
Step  85050 .................................................. ETA  2m53s
Step  86050 .................................................. ETA  2m41s
Step  87050 .................................................. ETA  2m28s
Step  88050 .................................................. ETA  2m16s
Step  89050 .................................................. ETA  2m04s
Step  90050 .................................................. ETA  1m51s
Step  91050 .................................................. ETA  1m39s
Step  92050 .................................................. ETA  1m26s
Step  93050 .................................................. ETA  1m14s
Step  94050 .................................................. ETA  1m01s
Step  95050 .................................................. ETA 49s
Step  96050 .................................................. ETA 36s
Step  97050 .................................................. ETA 24s
Step  98050 .................................................. ETA 11s
Step  99050 ................................................
End of Trajectory File reached.


##########   Main pass done   ##########

99999 time steps processed.



    Finishing analyses:
----------------------------------------------------------------------------------------------------------

    Starting calculation of correlation functions for single molecules...
      [####################################################################################################]
      Saving correlation functions as "ccf_decomp_self_cross_F2NO4S2_#2_Li.csv"...
      Saving charge currents as "charge_current_decomp_self_cross_F2NO4S2_#2_Li.csv"...

      total conductivity: 0.21467575 +/- 1.4411036

      Contributions to the conductivities:
        F2NO4S2_self: 1.8527166 +/- 0.2183329
        Li_self: 2.1456209 +/- 0.12108682
        F2NO4S2_cross: -1.0947593 +/- 1.03609
        Li_cross: -1.0735897 +/- 0.90458628
        F2NO4S2/Li: -1.6153128 +/- 0.79716165

        cations: 1.0720312 +/- 0.93379937
        anions: 0.75795732 +/- 0.9016195
        mixed: -1.6153128 +/- 0.79716165


      Transference numbers based on the weighted regression:
        F2NO4S2: 0.612118
        Li: 0.387882

      Ideal transference numbers based on the weighted regression (only self diffusion):
        F2NO4S2: 0.463372
        Li: 0.536628


----------------------------------------------------------------------------------------------------------
    Finished all analyses.


    Analysis was running for 0h 21m 22s.
      (78.002 steps per second)


    Note: To show a list of all persons who contributed to TRAVIS,
          please add "-credits" to your command line arguments, or set the
          variable "SHOWCREDITS" to "TRUE" in your travis.conf file.

    Source code from other projects used in TRAVIS:
      - lmfit     from Joachim Wuttke
      - kiss_fft  from Mark Borgerding
      - voro++    from Chris Rycroft

    http://www.travis-analyzer.de

    Please cite all of the following articles for the analyses you have used:

  * For TRAVIS in general:

    "TRAVIS - A Free Analyzer for Trajectories from Molecular Simulation",
    M. Brehm, M. Thomas, S. Gehrke, B. Kirchner; J. Chem. Phys. 2020, 152 (16), 164105.   (DOI 10.1063/5.0005078 )

    "TRAVIS - A Free Analyzer and Visualizer for Monte Carlo and Molecular Dynamics Trajectories",
    M. Brehm, B. Kirchner; J. Chem. Inf. Model. 2011, 51 (8), pp 2007-2023.   (DOI 10.1021/ci200217w )

*** The End ***

